<?xml version="1.0" encoding="UTF-8"?>
<!-- Generated by org.testng.reporters.JUnitXMLReporter -->
<testsuite ignored="12" hostname="DESKTOP-QRQ79PJ" failures="4" tests="47" name="ChromeRun" time="1264.018" errors="0" timestamp="2025-10-27T10:12:47 IST">
  <testcase classname="com.fintech.tests.TransferTests" name="@BeforeClass setupAccountsOnce" time="0.039">
    <failure type="java.lang.NullPointerException" message="Cannot invoke &amp;quot;org.openqa.selenium.WebDriver.navigate()&amp;quot; because &amp;quot;this.driver&amp;quot; is null">
      <![CDATA[java.lang.NullPointerException: Cannot invoke "org.openqa.selenium.WebDriver.navigate()" because "this.driver" is null
at com.fintech.tests.BaseTest.loginAsJohn(BaseTest.java:139)
at com.fintech.tests.TransferTests.setupAccountsOnce(TransferTests.java:26)
at java.base/java.util.concurrent.Executors$RunnableAdapter.call(Executors.java:572)
at java.base/java.util.concurrent.FutureTask.run(FutureTask.java:317)
at java.base/java.util.concurrent.ThreadPoolExecutor.runWorker(ThreadPoolExecutor.java:1144)
at java.base/java.util.concurrent.ThreadPoolExecutor$Worker.run(ThreadPoolExecutor.java:642)
at java.base/java.lang.Thread.run(Thread.java:1583)
... Removed 9 stack frames]]>
    </failure>
  </testcase> <!-- @BeforeClass setupAccountsOnce -->
  <testcase classname="com.fintech.tests.TransferTests" name="@BeforeMethod setupTransferContext" time="0.0">
    <skipped/>
  </testcase> <!-- @BeforeMethod setupTransferContext -->
  <testcase classname="com.fintech.tests.TransferTests" name="@BeforeMethod setupTransferContext" time="0.0">
    <skipped/>
  </testcase> <!-- @BeforeMethod setupTransferContext -->
  <testcase classname="com.fintech.tests.TransferTests" name="@BeforeMethod setupTransferContext" time="0.0">
    <skipped/>
  </testcase> <!-- @BeforeMethod setupTransferContext -->
  <testcase classname="com.fintech.tests.TransferTests" name="@BeforeMethod setupTransferContext" time="0.0">
    <skipped/>
  </testcase> <!-- @BeforeMethod setupTransferContext -->
  <testcase classname="com.fintech.tests.TransferTests" name="validateFundsTransfer" time="0.0">
    <skipped/>
  </testcase> <!-- validateFundsTransfer -->
  <testcase classname="com.fintech.tests.NavigationUITests" name="checkParaBankConnectivity" time="4.966"/>
  <testcase classname="com.fintech.tests.ContactTests" name="openContactForm" time="9.605"/>
  <testcase classname="com.fintech.tests.LoginTests" name="loginScenarios" time="20.413"/>
  <testcase classname="com.fintech.tests.AuthTests" name="loginWithExcelData" time="22.646"/>
  <testcase classname="com.fintech.tests.AccountTests" name="testAccountFunctionality" time="32.583">
    <skipped/>
  </testcase> <!-- testAccountFunctionality -->
  <testcase classname="com.fintech.tests.TransferTests" name="validateFundsTransfer" time="0.0">
    <skipped/>
  </testcase> <!-- validateFundsTransfer -->
  <testcase classname="com.fintech.tests.NavigationUITests" name="logoRedirectsHome" time="7.883"/>
  <testcase classname="com.fintech.tests.ContactTests" name="submitContactForm" time="16.068"/>
  <testcase classname="com.fintech.tests.TransferTests" name="validateFundsTransfer" time="0.0">
    <skipped/>
  </testcase> <!-- validateFundsTransfer -->
  <testcase classname="com.fintech.tests.TransferTests" name="validateSimpleTransferSuccess" time="0.0">
    <skipped/>
  </testcase> <!-- validateSimpleTransferSuccess -->
  <testcase classname="com.fintech.tests.NavigationUITests" name="topNavLinksLoadPages" time="10.064"/>
  <testcase classname="com.fintech.tests.ContactTests" name="submitContactForm" time="10.07"/>
  <testcase classname="com.fintech.tests.NavigationUITests" name="topNavLinksLoadPages" time="8.577"/>
  <testcase classname="com.fintech.tests.ContactTests" name="verifyContactSuccessMessage" time="8.215"/>
  <testcase classname="com.fintech.tests.LoanTests" name="testLoanTyping" time="0.025">
    <skipped/>
  </testcase> <!-- testLoanTyping -->
  <testcase classname="com.fintech.tests.LoanTests" name="submitValidLoanRequest" time="0.023">
    <skipped/>
  </testcase> <!-- submitValidLoanRequest -->
  <testcase classname="com.fintech.tests.NavigationUITests" name="topNavLinksLoadPages" time="9.071"/>
  <testcase classname="com.fintech.tests.LoanTests" name="applyLoan" time="0.039">
    <skipped/>
  </testcase> <!-- applyLoan -->
  <testcase classname="com.fintech.tests.NavigationUITests" name="topNavLinksLoadPages" time="7.545"/>
  <testcase classname="com.fintech.tests.AccountTests" name="testAccountFunctionality" time="100.094"/>
  <testcase classname="com.fintech.tests.NavigationUITests" name="validateAlertBoxContent" time="4.64"/>
  <testcase classname="com.fintech.tests.NavigationUITests" name="validateButtonsAreClickable" time="6.835"/>
  <testcase classname="com.fintech.tests.NavigationUITests" name="verifyFontAndAlignment" time="4.924"/>
  <testcase classname="com.fintech.tests.LoginTests" name="loginScenarios" time="169.129"/>
  <testcase classname="com.fintech.tests.AccountTests" name="testAccountFunctionality" time="47.71"/>
  <testcase classname="com.fintech.tests.AuthTests" name="loginWithExcelData" time="177.374"/>
  <testcase classname="com.fintech.tests.AccountTests" name="testAccountFunctionality" time="23.227">
    <failure type="org.openqa.selenium.TimeoutException" message="Expected condition failed: waiting for url to contain &amp;quot;activity.htm?id=13344&amp;quot;. Current url: &amp;quot;https://parabank.parasoft.com/parabank/overview.htm&amp;quot; (tried for 15 second(s) with 500 milliseconds interval)
Build info: version: &amp;apos;4.16.1&amp;apos;, revision: &amp;apos;9b4c83354e&amp;apos;
System info: os.name: &amp;apos;Windows 10&amp;apos;, os.arch: &amp;apos;amd64&amp;apos;, os.version: &amp;apos;10.0&amp;apos;, java.version: &amp;apos;21.0.7&amp;apos;
Driver info: org.openqa.selenium.chrome.ChromeDriver
Capabilities {acceptInsecureCerts: false, browserName: chrome, browserVersion: 141.0.7390.122, chrome: {chromedriverVersion: 141.0.7390.122 (b477534e7e1..., userDataDir: C:\Users\hp\AppData\Local\T...}, fedcm:accounts: true, goog:chromeOptions: {debuggerAddress: localhost:50681}, networkConnectionEnabled: false, pageLoadStrategy: normal, platformName: windows, proxy: Proxy(), se:cdp: ws://localhost:50681/devtoo..., se:cdpVersion: 141.0.7390.122, setWindowRect: true, strictFileInteractability: false, timeouts: {implicit: 0, pageLoad: 300000, script: 30000}, unhandledPromptBehavior: dismiss and notify, webauthn:extension:credBlob: true, webauthn:extension:largeBlob: true, webauthn:extension:minPinLength: true, webauthn:extension:prf: true, webauthn:virtualAuthenticators: true}
Session ID: fc50f30453406c81fab961acae70310c">
      <![CDATA[org.openqa.selenium.TimeoutException: Expected condition failed: waiting for url to contain "activity.htm?id=13344". Current url: "https://parabank.parasoft.com/parabank/overview.htm" (tried for 15 second(s) with 500 milliseconds interval)
Build info: version: '4.16.1', revision: '9b4c83354e'
System info: os.name: 'Windows 10', os.arch: 'amd64', os.version: '10.0', java.version: '21.0.7'
Driver info: org.openqa.selenium.chrome.ChromeDriver
Capabilities {acceptInsecureCerts: false, browserName: chrome, browserVersion: 141.0.7390.122, chrome: {chromedriverVersion: 141.0.7390.122 (b477534e7e1..., userDataDir: C:\Users\hp\AppData\Local\T...}, fedcm:accounts: true, goog:chromeOptions: {debuggerAddress: localhost:50681}, networkConnectionEnabled: false, pageLoadStrategy: normal, platformName: windows, proxy: Proxy(), se:cdp: ws://localhost:50681/devtoo..., se:cdpVersion: 141.0.7390.122, setWindowRect: true, strictFileInteractability: false, timeouts: {implicit: 0, pageLoad: 300000, script: 30000}, unhandledPromptBehavior: dismiss and notify, webauthn:extension:credBlob: true, webauthn:extension:largeBlob: true, webauthn:extension:minPinLength: true, webauthn:extension:prf: true, webauthn:virtualAuthenticators: true}
Session ID: fc50f30453406c81fab961acae70310c
at org.openqa.selenium.support.ui.WebDriverWait.timeoutException(WebDriverWait.java:84)
at org.openqa.selenium.support.ui.FluentWait.until(FluentWait.java:229)
at com.fintech.tests.AccountTests.testAccountFunctionality(AccountTests.java:444)
at java.base/java.util.concurrent.Executors$RunnableAdapter.call(Executors.java:572)
at java.base/java.util.concurrent.FutureTask.run(FutureTask.java:317)
at java.base/java.util.concurrent.ThreadPoolExecutor.runWorker(ThreadPoolExecutor.java:1144)
at java.base/java.util.concurrent.ThreadPoolExecutor$Worker.run(ThreadPoolExecutor.java:642)
at java.base/java.lang.Thread.run(Thread.java:1583)
... Removed 11 stack frames]]>
    </failure>
  </testcase> <!-- testAccountFunctionality -->
  <testcase classname="com.fintech.tests.AccountTests" name="testBalanceUpdateAfterTransaction" time="28.773">
    <skipped/>
  </testcase> <!-- testBalanceUpdateAfterTransaction -->
  <testcase classname="com.fintech.tests.AccountTests" name="testCheckingAccountSummary" time="10.049"/>
  <testcase classname="com.fintech.tests.AccountTests" name="testFullTransactionHistory" time="39.928">
    <failure type="java.lang.AssertionError" message="Transaction history should be visible expected [true] but found [false]">
      <![CDATA[java.lang.AssertionError: Transaction history should be visible expected [true] but found [false]
at com.fintech.tests.AccountTests.testFullTransactionHistory(AccountTests.java:236)
at java.base/java.util.concurrent.Executors$RunnableAdapter.call(Executors.java:572)
at java.base/java.util.concurrent.FutureTask.run(FutureTask.java:317)
at java.base/java.util.concurrent.ThreadPoolExecutor.runWorker(ThreadPoolExecutor.java:1144)
at java.base/java.util.concurrent.ThreadPoolExecutor$Worker.run(ThreadPoolExecutor.java:642)
at java.base/java.lang.Thread.run(Thread.java:1583)
... Removed 14 stack frames]]>
    </failure>
  </testcase> <!-- testFullTransactionHistory -->
  <testcase classname="com.fintech.tests.AccountTests" name="testSavingsAccountSummary" time="6.969">
    <failure type="java.lang.AssertionError" message="❌ No accounts found — cannot proceed with summary validation">
      <![CDATA[java.lang.AssertionError: ❌ No accounts found — cannot proceed with summary validation
at com.fintech.tests.AccountTests.testSavingsAccountSummary(AccountTests.java:100)
at java.base/java.util.concurrent.Executors$RunnableAdapter.call(Executors.java:572)
at java.base/java.util.concurrent.FutureTask.run(FutureTask.java:317)
at java.base/java.util.concurrent.ThreadPoolExecutor.runWorker(ThreadPoolExecutor.java:1144)
at java.base/java.util.concurrent.ThreadPoolExecutor$Worker.run(ThreadPoolExecutor.java:642)
at java.base/java.lang.Thread.run(Thread.java:1583)
... Removed 11 stack frames]]>
    </failure>
  </testcase> <!-- testSavingsAccountSummary -->
  <testcase classname="com.fintech.tests.LoginTests" name="loginScenarios" time="168.149"/>
  <testcase classname="com.fintech.tests.AuthTests" name="loginWithExcelData" time="168.005"/>
  <testcase classname="com.fintech.tests.AccountTests" name="testTransactionDetailsFormat" time="48.805"/>
  <testcase classname="com.fintech.tests.AccountTests" name="testTransactionFilterByDateRange" time="94.23"/>
  <testcase classname="com.fintech.tests.LoginTests" name="loginScenarios" time="167.441"/>
  <testcase classname="com.fintech.tests.AuthTests" name="loginWithExcelData" time="167.771"/>
  <testcase classname="com.fintech.tests.AccountTests" name="testTransactionSortingByDateAndAmount" time="66.676"/>
  <testcase classname="com.fintech.tests.AuthTests" name="logoutAfterLogin" time="27.435"/>
  <testcase classname="com.fintech.tests.LoginTests" name="loginScenarios" time="166.554"/>
  <testcase classname="com.fintech.tests.LoginTests" name="passwordMasking" time="11.183"/>
  <testcase classname="com.fintech.tests.LoginTests" name="rememberMeSimulation" time="20.914"/>
  <testcase classname="com.fintech.tests.AuthTests" name="logoutAfterLogin" time="201.736"/>
  <testcase classname="com.fintech.tests.LoginTests" name="sessionTimeoutSimulation" time="41.279"/>
  <testcase classname="com.fintech.tests.AuthTests" name="logoutAfterLogin" time="56.059">
    <failure type="org.openqa.selenium.TimeoutException" message="Expected condition failed: waiting for visibility of Proxy element for: DefaultElementLocator &amp;apos;By.name: username&amp;apos; (tried for 15 second(s) with 500 milliseconds interval)">
      <![CDATA[org.openqa.selenium.TimeoutException: Expected condition failed: waiting for visibility of Proxy element for: DefaultElementLocator 'By.name: username' (tried for 15 second(s) with 500 milliseconds interval)
at org.openqa.selenium.support.ui.WebDriverWait.timeoutException(WebDriverWait.java:84)
at org.openqa.selenium.support.ui.FluentWait.until(FluentWait.java:229)
at com.fintech.pages.BasePage.waitForVisibility(BasePage.java:179)
at com.fintech.pages.LoginPage.open(LoginPage.java:58)
at com.fintech.tests.AuthTests.logoutAfterLogin(AuthTests.java:23)
at java.base/java.util.concurrent.Executors$RunnableAdapter.call(Executors.java:572)
at java.base/java.util.concurrent.FutureTask.run(FutureTask.java:317)
at java.base/java.util.concurrent.ThreadPoolExecutor.runWorker(ThreadPoolExecutor.java:1144)
at java.base/java.util.concurrent.ThreadPoolExecutor$Worker.run(ThreadPoolExecutor.java:642)
at java.base/java.lang.Thread.run(Thread.java:1583)
Caused by: org.openqa.selenium.NoSuchElementException: no such element: Unable to locate element: {"method":"css selector","selector":"*[name='username']"}
  (Session info: chrome=141.0.7390.122)
For documentation on this error, please visit: https://www.selenium.dev/documentation/webdriver/troubleshooting/errors#no-such-element-exception
Build info: version: '4.16.1', revision: '9b4c83354e'
System info: os.name: 'Windows 10', os.arch: 'amd64', os.version: '10.0', java.version: '21.0.7'
Driver info: org.openqa.selenium.chrome.ChromeDriver
Command: [d909e4d8936c7c19c3ea9a184de87137, findElement {using=name, value=username}]
Capabilities {acceptInsecureCerts: false, browserName: chrome, browserVersion: 141.0.7390.122, chrome: {chromedriverVersion: 141.0.7390.122 (b477534e7e1..., userDataDir: C:\Users\hp\AppData\Local\T...}, fedcm:accounts: true, goog:chromeOptions: {debuggerAddress: localhost:51179}, networkConnectionEnabled: false, pageLoadStrategy: normal, platformName: windows, proxy: Proxy(), se:cdp: ws://localhost:51179/devtoo..., se:cdpVersion: 141.0.7390.122, setWindowRect: true, strictFileInteractability: false, timeouts: {implicit: 0, pageLoad: 300000, script: 30000}, unhandledPromptBehavior: dismiss and notify, webauthn:extension:credBlob: true, webauthn:extension:largeBlob: true, webauthn:extension:minPinLength: true, webauthn:extension:prf: true, webauthn:virtualAuthenticators: true}
Session ID: d909e4d8936c7c19c3ea9a184de87137
at org.openqa.selenium.remote.codec.w3c.W3CHttpResponseCodec.createException(W3CHttpResponseCodec.java:200)
at org.openqa.selenium.remote.codec.w3c.W3CHttpResponseCodec.decode(W3CHttpResponseCodec.java:133)
at org.openqa.selenium.remote.codec.w3c.W3CHttpResponseCodec.decode(W3CHttpResponseCodec.java:52)
at org.openqa.selenium.remote.HttpCommandExecutor.execute(HttpCommandExecutor.java:191)
at org.openqa.selenium.remote.service.DriverCommandExecutor.invokeExecute(DriverCommandExecutor.java:200)
at org.openqa.selenium.remote.service.DriverCommandExecutor.execute(DriverCommandExecutor.java:175)
at org.openqa.selenium.remote.RemoteWebDriver.execute(RemoteWebDriver.java:523)
at org.openqa.selenium.remote.ElementLocation$ElementFinder$2.findElement(ElementLocation.java:165)
at org.openqa.selenium.remote.ElementLocation.findElement(ElementLocation.java:59)
at org.openqa.selenium.remote.RemoteWebDriver.findElement(RemoteWebDriver.java:360)
at org.openqa.selenium.remote.RemoteWebDriver.findElement(RemoteWebDriver.java:354)
at org.openqa.selenium.support.pagefactory.DefaultElementLocator.findElement(DefaultElementLocator.java:68)
at org.openqa.selenium.support.pagefactory.internal.LocatingElementHandler.invoke(LocatingElementHandler.java:38)
at jdk.proxy2/jdk.proxy2.$Proxy21.isDisplayed(Unknown Source)
at org.openqa.selenium.support.ui.ExpectedConditions.elementIfVisible(ExpectedConditions.java:304)
at org.openqa.selenium.support.ui.ExpectedConditions$10.apply(ExpectedConditions.java:290)
at org.openqa.selenium.support.ui.ExpectedConditions$10.apply(ExpectedConditions.java:287)
at org.openqa.selenium.support.ui.FluentWait.until(FluentWait.java:204)
... 19 more
... Removed 14 stack frames]]>
    </failure>
  </testcase> <!-- logoutAfterLogin -->
  <testcase classname="com.fintech.tests.AuthTests" name="sessionTimeoutSimulation" time="310.703"/>
  <testcase classname="com.fintech.tests.BaseTest" name="@AfterSuite finishReport" time="0.0">
    <ignored/>
  </testcase> <!-- @AfterSuite finishReport -->
  <testcase classname="com.fintech.tests.BaseTest" name="@BeforeSuite initReport" time="0.0">
    <ignored/>
  </testcase> <!-- @BeforeSuite initReport -->
  <testcase classname="com.fintech.tests.BaseTest" name="@AfterSuite finishReport" time="0.0">
    <ignored/>
  </testcase> <!-- @AfterSuite finishReport -->
  <testcase classname="com.fintech.tests.BaseTest" name="@BeforeSuite initReport" time="0.0">
    <ignored/>
  </testcase> <!-- @BeforeSuite initReport -->
  <testcase classname="com.fintech.tests.BaseTest" name="@BeforeSuite initReport" time="0.0">
    <ignored/>
  </testcase> <!-- @BeforeSuite initReport -->
  <testcase classname="com.fintech.tests.BaseTest" name="@AfterSuite finishReport" time="0.0">
    <ignored/>
  </testcase> <!-- @AfterSuite finishReport -->
  <testcase classname="com.fintech.tests.BaseTest" name="@AfterSuite finishReport" time="0.0">
    <ignored/>
  </testcase> <!-- @AfterSuite finishReport -->
  <testcase classname="com.fintech.tests.BaseTest" name="@BeforeSuite initReport" time="0.0">
    <ignored/>
  </testcase> <!-- @BeforeSuite initReport -->
  <testcase classname="com.fintech.tests.BaseTest" name="@BeforeSuite initReport" time="0.0">
    <ignored/>
  </testcase> <!-- @BeforeSuite initReport -->
  <testcase classname="com.fintech.tests.BaseTest" name="@AfterSuite finishReport" time="0.0">
    <ignored/>
  </testcase> <!-- @AfterSuite finishReport -->
  <testcase classname="com.fintech.tests.BaseTest" name="@BeforeSuite initReport" time="0.0">
    <ignored/>
  </testcase> <!-- @BeforeSuite initReport -->
  <testcase classname="com.fintech.tests.BaseTest" name="@AfterSuite finishReport" time="0.0">
    <ignored/>
  </testcase> <!-- @AfterSuite finishReport -->
</testsuite> <!-- ChromeRun -->
