<?xml version="1.0" encoding="UTF-8"?>
<!-- Generated by org.testng.reporters.JUnitXMLReporter -->
<testsuite ignored="12" hostname="DESKTOP-QRQ79PJ" failures="3" tests="47" name="EdgeRun" time="3076.757" errors="0" timestamp="2025-10-27T11:04:04 IST">
  <testcase classname="com.fintech.tests.TransferTests" name="validateFundsTransfer" time="0.0">
    <skipped/>
  </testcase> <!-- validateFundsTransfer -->
  <testcase classname="com.fintech.tests.NavigationUITests" name="checkParaBankConnectivity" time="6.24"/>
  <testcase classname="com.fintech.tests.ContactTests" name="openContactForm" time="14.844"/>
  <testcase classname="com.fintech.tests.AuthTests" name="loginWithExcelData" time="19.493"/>
  <testcase classname="com.fintech.tests.LoginTests" name="loginScenarios" time="21.68"/>
  <testcase classname="com.fintech.tests.AccountTests" name="testAccountFunctionality" time="30.813">
    <skipped/>
  </testcase> <!-- testAccountFunctionality -->
  <testcase classname="com.fintech.tests.TransferTests" name="validateFundsTransfer" time="0.0">
    <skipped/>
  </testcase> <!-- validateFundsTransfer -->
  <testcase classname="com.fintech.tests.NavigationUITests" name="logoRedirectsHome" time="19.83"/>
  <testcase classname="com.fintech.tests.ContactTests" name="submitContactForm" time="26.192"/>
  <testcase classname="com.fintech.tests.AccountTests" name="testAccountFunctionality" time="100.768"/>
  <testcase classname="com.fintech.tests.AuthTests" name="loginWithExcelData" time="182.157"/>
  <testcase classname="com.fintech.tests.LoginTests" name="loginScenarios" time="183.851"/>
  <testcase classname="com.fintech.tests.TransferTests" name="validateFundsTransfer" time="0.0">
    <skipped/>
  </testcase> <!-- validateFundsTransfer -->
  <testcase classname="com.fintech.tests.NavigationUITests" name="topNavLinksLoadPages" time="10.566"/>
  <testcase classname="com.fintech.tests.TransferTests" name="validateSimpleTransferSuccess" time="0.0">
    <skipped/>
  </testcase> <!-- validateSimpleTransferSuccess -->
  <testcase classname="com.fintech.tests.NavigationUITests" name="topNavLinksLoadPages" time="8.872"/>
  <testcase classname="com.fintech.tests.AccountTests" name="testAccountFunctionality" time="65.707"/>
  <testcase classname="com.fintech.tests.LoanTests" name="testLoanTyping" time="0.056">
    <skipped/>
  </testcase> <!-- testLoanTyping -->
  <testcase classname="com.fintech.tests.ContactTests" name="submitContactForm" time="0.0">
    <skipped/>
  </testcase> <!-- submitContactForm -->
  <testcase classname="com.fintech.tests.AuthTests" name="loginWithExcelData" time="183.351"/>
  <testcase classname="com.fintech.tests.LoginTests" name="loginScenarios" time="194.68"/>
  <testcase classname="com.fintech.tests.AccountTests" name="testAccountFunctionality" time="28.682">
    <skipped/>
  </testcase> <!-- testAccountFunctionality -->
  <testcase classname="com.fintech.tests.LoanTests" name="submitValidLoanRequest" time="0.01">
    <skipped/>
  </testcase> <!-- submitValidLoanRequest -->
  <testcase classname="com.fintech.tests.NavigationUITests" name="topNavLinksLoadPages" time="12.815"/>
  <testcase classname="com.fintech.tests.AccountTests" name="testBalanceUpdateAfterTransaction" time="28.704">
    <skipped/>
  </testcase> <!-- testBalanceUpdateAfterTransaction -->
  <testcase classname="com.fintech.tests.ContactTests" name="verifyContactSuccessMessage" time="0.0">
    <skipped/>
  </testcase> <!-- verifyContactSuccessMessage -->
  <testcase classname="com.fintech.tests.AccountTests" name="testCheckingAccountSummary" time="71.755">
    <failure type="org.openqa.selenium.TimeoutException" message="timeout: Timed out receiving message from renderer: 33.384
  (Session info: MicrosoftEdge=141.0.3537.85)
Build info: version: &amp;apos;4.16.1&amp;apos;, revision: &amp;apos;9b4c83354e&amp;apos;
System info: os.name: &amp;apos;Windows 10&amp;apos;, os.arch: &amp;apos;amd64&amp;apos;, os.version: &amp;apos;10.0&amp;apos;, java.version: &amp;apos;21.0.7&amp;apos;
Driver info: org.openqa.selenium.edge.EdgeDriver
Command: [fafa3e946cd51eb37f396477c5739f9a, get {url=https://parabank.parasoft.com/parabank/index.htm}]
Capabilities {acceptInsecureCerts: false, browserName: MicrosoftEdge, browserVersion: 141.0.3537.85, fedcm:accounts: true, ms:edgeOptions: {debuggerAddress: localhost:62529}, msedge: {msedgedriverVersion: 141.0.3537.99 (1b2f83d6a142..., userDataDir: C:\Users\hp\AppData\Local\T...}, networkConnectionEnabled: false, pageLoadStrategy: normal, platformName: windows, proxy: Proxy(), se:cdp: ws://localhost:62529/devtoo..., se:cdpVersion: 141.0.3537.85, setWindowRect: true, strictFileInteractability: false, timeouts: {implicit: 0, pageLoad: 300000, script: 30000}, unhandledPromptBehavior: dismiss and notify, webauthn:extension:credBlob: true, webauthn:extension:largeBlob: true, webauthn:extension:minPinLength: true, webauthn:extension:prf: true, webauthn:virtualAuthenticators: true}
Session ID: fafa3e946cd51eb37f396477c5739f9a">
      <![CDATA[org.openqa.selenium.TimeoutException: timeout: Timed out receiving message from renderer: 33.384
  (Session info: MicrosoftEdge=141.0.3537.85)
Build info: version: '4.16.1', revision: '9b4c83354e'
System info: os.name: 'Windows 10', os.arch: 'amd64', os.version: '10.0', java.version: '21.0.7'
Driver info: org.openqa.selenium.edge.EdgeDriver
Command: [fafa3e946cd51eb37f396477c5739f9a, get {url=https://parabank.parasoft.com/parabank/index.htm}]
Capabilities {acceptInsecureCerts: false, browserName: MicrosoftEdge, browserVersion: 141.0.3537.85, fedcm:accounts: true, ms:edgeOptions: {debuggerAddress: localhost:62529}, msedge: {msedgedriverVersion: 141.0.3537.99 (1b2f83d6a142..., userDataDir: C:\Users\hp\AppData\Local\T...}, networkConnectionEnabled: false, pageLoadStrategy: normal, platformName: windows, proxy: Proxy(), se:cdp: ws://localhost:62529/devtoo..., se:cdpVersion: 141.0.3537.85, setWindowRect: true, strictFileInteractability: false, timeouts: {implicit: 0, pageLoad: 300000, script: 30000}, unhandledPromptBehavior: dismiss and notify, webauthn:extension:credBlob: true, webauthn:extension:largeBlob: true, webauthn:extension:minPinLength: true, webauthn:extension:prf: true, webauthn:virtualAuthenticators: true}
Session ID: fafa3e946cd51eb37f396477c5739f9a
at org.openqa.selenium.remote.codec.w3c.W3CHttpResponseCodec.createException(W3CHttpResponseCodec.java:200)
at org.openqa.selenium.remote.codec.w3c.W3CHttpResponseCodec.decode(W3CHttpResponseCodec.java:133)
at org.openqa.selenium.remote.codec.w3c.W3CHttpResponseCodec.decode(W3CHttpResponseCodec.java:52)
at org.openqa.selenium.remote.HttpCommandExecutor.execute(HttpCommandExecutor.java:191)
at org.openqa.selenium.remote.service.DriverCommandExecutor.invokeExecute(DriverCommandExecutor.java:200)
at org.openqa.selenium.remote.service.DriverCommandExecutor.execute(DriverCommandExecutor.java:175)
at org.openqa.selenium.remote.RemoteWebDriver.execute(RemoteWebDriver.java:523)
at org.openqa.selenium.remote.RemoteWebDriver.get(RemoteWebDriver.java:305)
at com.fintech.pages.BasePage.navigateTo(BasePage.java:27)
at com.fintech.pages.LoginPage.open(LoginPage.java:54)
at com.fintech.tests.AccountTests.loginAsJohn(AccountTests.java:33)
at com.fintech.tests.AccountTests.testCheckingAccountSummary(AccountTests.java:59)
at java.base/java.util.concurrent.Executors$RunnableAdapter.call(Executors.java:572)
at java.base/java.util.concurrent.FutureTask.run(FutureTask.java:317)
at java.base/java.util.concurrent.ThreadPoolExecutor.runWorker(ThreadPoolExecutor.java:1144)
at java.base/java.util.concurrent.ThreadPoolExecutor$Worker.run(ThreadPoolExecutor.java:642)
at java.base/java.lang.Thread.run(Thread.java:1583)
... Removed 14 stack frames]]>
    </failure>
  </testcase> <!-- testCheckingAccountSummary -->
  <testcase classname="com.fintech.tests.LoginTests" name="loginScenarios" time="193.524"/>
  <testcase classname="com.fintech.tests.AuthTests" name="loginWithExcelData" time="214.042"/>
  <testcase classname="com.fintech.tests.LoanTests" name="applyLoan" time="0.011">
    <skipped/>
  </testcase> <!-- applyLoan -->
  <testcase classname="com.fintech.tests.NavigationUITests" name="topNavLinksLoadPages" time="9.626"/>
  <testcase classname="com.fintech.tests.NavigationUITests" name="validateAlertBoxContent" time="6.564"/>
  <testcase classname="com.fintech.tests.AuthTests" name="logoutAfterLogin" time="28.936"/>
  <testcase classname="com.fintech.tests.LoginTests" name="loginScenarios" time="212.455"/>
  <testcase classname="com.fintech.tests.LoginTests" name="passwordMasking" time="41.481">
    <failure type="org.openqa.selenium.WebDriverException" message="unknown error: net::ERR_CONNECTION_CLOSED
  (Session info: MicrosoftEdge=141.0.3537.85)
Build info: version: &amp;apos;4.16.1&amp;apos;, revision: &amp;apos;9b4c83354e&amp;apos;
System info: os.name: &amp;apos;Windows 10&amp;apos;, os.arch: &amp;apos;amd64&amp;apos;, os.version: &amp;apos;10.0&amp;apos;, java.version: &amp;apos;21.0.7&amp;apos;
Driver info: org.openqa.selenium.edge.EdgeDriver
Command: [9db82d139ebac4ca3a4aabc064a36b32, get {url=https://parabank.parasoft.com/parabank/index.htm}]
Capabilities {acceptInsecureCerts: false, browserName: MicrosoftEdge, browserVersion: 141.0.3537.85, fedcm:accounts: true, ms:edgeOptions: {debuggerAddress: localhost:62884}, msedge: {msedgedriverVersion: 141.0.3537.99 (1b2f83d6a142..., userDataDir: C:\Users\hp\AppData\Local\T...}, networkConnectionEnabled: false, pageLoadStrategy: normal, platformName: windows, proxy: Proxy(), se:cdp: ws://localhost:62884/devtoo..., se:cdpVersion: 141.0.3537.85, setWindowRect: true, strictFileInteractability: false, timeouts: {implicit: 0, pageLoad: 300000, script: 30000}, unhandledPromptBehavior: dismiss and notify, webauthn:extension:credBlob: true, webauthn:extension:largeBlob: true, webauthn:extension:minPinLength: true, webauthn:extension:prf: true, webauthn:virtualAuthenticators: true}
Session ID: 9db82d139ebac4ca3a4aabc064a36b32">
      <![CDATA[org.openqa.selenium.WebDriverException: unknown error: net::ERR_CONNECTION_CLOSED
  (Session info: MicrosoftEdge=141.0.3537.85)
Build info: version: '4.16.1', revision: '9b4c83354e'
System info: os.name: 'Windows 10', os.arch: 'amd64', os.version: '10.0', java.version: '21.0.7'
Driver info: org.openqa.selenium.edge.EdgeDriver
Command: [9db82d139ebac4ca3a4aabc064a36b32, get {url=https://parabank.parasoft.com/parabank/index.htm}]
Capabilities {acceptInsecureCerts: false, browserName: MicrosoftEdge, browserVersion: 141.0.3537.85, fedcm:accounts: true, ms:edgeOptions: {debuggerAddress: localhost:62884}, msedge: {msedgedriverVersion: 141.0.3537.99 (1b2f83d6a142..., userDataDir: C:\Users\hp\AppData\Local\T...}, networkConnectionEnabled: false, pageLoadStrategy: normal, platformName: windows, proxy: Proxy(), se:cdp: ws://localhost:62884/devtoo..., se:cdpVersion: 141.0.3537.85, setWindowRect: true, strictFileInteractability: false, timeouts: {implicit: 0, pageLoad: 300000, script: 30000}, unhandledPromptBehavior: dismiss and notify, webauthn:extension:credBlob: true, webauthn:extension:largeBlob: true, webauthn:extension:minPinLength: true, webauthn:extension:prf: true, webauthn:virtualAuthenticators: true}
Session ID: 9db82d139ebac4ca3a4aabc064a36b32
at org.openqa.selenium.remote.codec.w3c.W3CHttpResponseCodec.createException(W3CHttpResponseCodec.java:200)
at org.openqa.selenium.remote.codec.w3c.W3CHttpResponseCodec.decode(W3CHttpResponseCodec.java:133)
at org.openqa.selenium.remote.codec.w3c.W3CHttpResponseCodec.decode(W3CHttpResponseCodec.java:52)
at org.openqa.selenium.remote.HttpCommandExecutor.execute(HttpCommandExecutor.java:191)
at org.openqa.selenium.remote.service.DriverCommandExecutor.invokeExecute(DriverCommandExecutor.java:200)
at org.openqa.selenium.remote.service.DriverCommandExecutor.execute(DriverCommandExecutor.java:175)
at org.openqa.selenium.remote.RemoteWebDriver.execute(RemoteWebDriver.java:523)
at org.openqa.selenium.remote.RemoteWebDriver.get(RemoteWebDriver.java:305)
at com.fintech.pages.BasePage.navigateTo(BasePage.java:27)
at com.fintech.pages.LoginPage.open(LoginPage.java:54)
at com.fintech.tests.LoginTests.passwordMasking(LoginTests.java:39)
at java.base/java.util.concurrent.Executors$RunnableAdapter.call(Executors.java:572)
at java.base/java.util.concurrent.FutureTask.run(FutureTask.java:317)
at java.base/java.util.concurrent.ThreadPoolExecutor.runWorker(ThreadPoolExecutor.java:1144)
at java.base/java.util.concurrent.ThreadPoolExecutor$Worker.run(ThreadPoolExecutor.java:642)
at java.base/java.lang.Thread.run(Thread.java:1583)
... Removed 14 stack frames]]>
    </failure>
  </testcase> <!-- passwordMasking -->
  <testcase classname="com.fintech.tests.NavigationUITests" name="validateButtonsAreClickable" time="48.213"/>
  <testcase classname="com.fintech.tests.LoginTests" name="rememberMeSimulation" time="15.376"/>
  <testcase classname="com.fintech.tests.AccountTests" name="testFullTransactionHistory" time="82.714">
    <failure type="java.lang.AssertionError" message="Transaction history should be visible expected [true] but found [false]">
      <![CDATA[java.lang.AssertionError: Transaction history should be visible expected [true] but found [false]
at com.fintech.tests.AccountTests.testFullTransactionHistory(AccountTests.java:236)
at java.base/java.util.concurrent.Executors$RunnableAdapter.call(Executors.java:572)
at java.base/java.util.concurrent.FutureTask.run(FutureTask.java:317)
at java.base/java.util.concurrent.ThreadPoolExecutor.runWorker(ThreadPoolExecutor.java:1144)
at java.base/java.util.concurrent.ThreadPoolExecutor$Worker.run(ThreadPoolExecutor.java:642)
at java.base/java.lang.Thread.run(Thread.java:1583)
... Removed 14 stack frames]]>
    </failure>
  </testcase> <!-- testFullTransactionHistory -->
  <testcase classname="com.fintech.tests.AuthTests" name="logoutAfterLogin" time="237.453"/>
  <testcase classname="com.fintech.tests.NavigationUITests" name="verifyFontAndAlignment" time="57.052"/>
  <testcase classname="com.fintech.tests.AccountTests" name="testSavingsAccountSummary" time="15.511"/>
  <testcase classname="com.fintech.tests.LoginTests" name="sessionTimeoutSimulation" time="54.343"/>
  <testcase classname="com.fintech.tests.AccountTests" name="testTransactionDetailsFormat" time="47.449"/>
  <testcase classname="com.fintech.tests.AuthTests" name="logoutAfterLogin" time="202.846"/>
  <testcase classname="com.fintech.tests.AccountTests" name="testTransactionFilterByDateRange" time="99.674"/>
  <testcase classname="com.fintech.tests.AccountTests" name="testTransactionSortingByDateAndAmount" time="63.59"/>
  <testcase classname="com.fintech.tests.AuthTests" name="sessionTimeoutSimulation" time="310.759"/>
  <testcase classname="com.fintech.tests.BaseTest" name="@BeforeSuite initReport" time="0.0">
    <ignored/>
  </testcase> <!-- @BeforeSuite initReport -->
  <testcase classname="com.fintech.tests.BaseTest" name="@BeforeSuite initReport" time="0.0">
    <ignored/>
  </testcase> <!-- @BeforeSuite initReport -->
  <testcase classname="com.fintech.tests.BaseTest" name="@AfterSuite finishReport" time="0.0">
    <ignored/>
  </testcase> <!-- @AfterSuite finishReport -->
  <testcase classname="com.fintech.tests.BaseTest" name="@BeforeSuite initReport" time="0.0">
    <ignored/>
  </testcase> <!-- @BeforeSuite initReport -->
  <testcase classname="com.fintech.tests.BaseTest" name="@AfterSuite finishReport" time="0.0">
    <ignored/>
  </testcase> <!-- @AfterSuite finishReport -->
  <testcase classname="com.fintech.tests.BaseTest" name="@BeforeSuite initReport" time="0.0">
    <ignored/>
  </testcase> <!-- @BeforeSuite initReport -->
  <testcase classname="com.fintech.tests.BaseTest" name="@AfterSuite finishReport" time="0.0">
    <ignored/>
  </testcase> <!-- @AfterSuite finishReport -->
  <testcase classname="com.fintech.tests.BaseTest" name="@AfterSuite finishReport" time="0.0">
    <ignored/>
  </testcase> <!-- @AfterSuite finishReport -->
  <testcase classname="com.fintech.tests.BaseTest" name="@BeforeSuite initReport" time="0.0">
    <ignored/>
  </testcase> <!-- @BeforeSuite initReport -->
  <testcase classname="com.fintech.tests.BaseTest" name="@AfterSuite finishReport" time="0.0">
    <ignored/>
  </testcase> <!-- @AfterSuite finishReport -->
  <testcase classname="com.fintech.tests.BaseTest" name="@AfterSuite finishReport" time="0.0">
    <ignored/>
  </testcase> <!-- @AfterSuite finishReport -->
  <testcase classname="com.fintech.tests.BaseTest" name="@BeforeSuite initReport" time="0.0">
    <ignored/>
  </testcase> <!-- @BeforeSuite initReport -->
</testsuite> <!-- EdgeRun -->
