<?xml version="1.0" encoding="UTF-8"?>
<!-- Generated by org.testng.reporters.JUnitXMLReporter -->
<testsuite ignored="0" hostname="DESKTOP-QRQ79PJ" failures="0" tests="17" name="ParaBankTests" time="0.913" errors="0" timestamp="2025-10-01T23:36:46 IST">
  <testcase classname="com.fintech.tests.BaseTest" name="@BeforeClass setup" time="0.121">
    <failure type="java.util.NoSuchElementException" message="No value present">
      <![CDATA[java.util.NoSuchElementException: No value present
at java.base/java.util.Optional.get(Optional.java:143)
at io.github.bonigarcia.wdm.WebDriverManager.<init>(WebDriverManager.java:225)
at io.github.bonigarcia.wdm.managers.ChromeDriverManager.<init>(ChromeDriverManager.java:51)
at io.github.bonigarcia.wdm.WebDriverManager.chromedriver(WebDriverManager.java:236)
at com.fintech.utils.DriverFactory.initDriver(DriverFactory.java:23)
at com.fintech.tests.BaseTest.setup(BaseTest.java:19)
at java.base/java.util.ArrayList.forEach(ArrayList.java:1596)
... Removed 23 stack frames]]>
    </failure>
  </testcase> <!-- @BeforeClass setup -->
  <testcase classname="com.fintech.tests.LoginTests" name="@BeforeMethod setupPage" time="0.0">
    <skipped/>
  </testcase> <!-- @BeforeMethod setupPage -->
  <testcase classname="com.fintech.tests.BaseTest" name="@AfterMethod afterMethod" time="0.0">
    <skipped/>
  </testcase> <!-- @AfterMethod afterMethod -->
  <testcase classname="com.fintech.tests.LoginTests" name="@BeforeMethod setupPage" time="0.0">
    <skipped/>
  </testcase> <!-- @BeforeMethod setupPage -->
  <testcase classname="com.fintech.tests.BaseTest" name="@AfterMethod afterMethod" time="0.0">
    <skipped/>
  </testcase> <!-- @AfterMethod afterMethod -->
  <testcase classname="com.fintech.tests.LoginTests" name="@BeforeMethod setupPage" time="0.0">
    <skipped/>
  </testcase> <!-- @BeforeMethod setupPage -->
  <testcase classname="com.fintech.tests.BaseTest" name="@AfterMethod afterMethod" time="0.0">
    <skipped/>
  </testcase> <!-- @AfterMethod afterMethod -->
  <testcase classname="com.fintech.tests.LoginTests" name="@BeforeMethod setupPage" time="0.0">
    <skipped/>
  </testcase> <!-- @BeforeMethod setupPage -->
  <testcase classname="com.fintech.tests.BaseTest" name="@AfterMethod afterMethod" time="0.0">
    <skipped/>
  </testcase> <!-- @AfterMethod afterMethod -->
  <testcase classname="com.fintech.tests.BaseTest" name="@AfterClass teardown" time="0.0">
    <skipped/>
  </testcase> <!-- @AfterClass teardown -->
  <testcase classname="com.fintech.tests.BaseTest" name="@BeforeClass setup" time="0.005">
    <failure type="java.util.NoSuchElementException" message="No value present">
      <![CDATA[java.util.NoSuchElementException: No value present
at java.base/java.util.Optional.get(Optional.java:143)
at io.github.bonigarcia.wdm.WebDriverManager.<init>(WebDriverManager.java:225)
at io.github.bonigarcia.wdm.managers.ChromeDriverManager.<init>(ChromeDriverManager.java:51)
at io.github.bonigarcia.wdm.WebDriverManager.chromedriver(WebDriverManager.java:236)
at com.fintech.utils.DriverFactory.initDriver(DriverFactory.java:23)
at com.fintech.tests.BaseTest.setup(BaseTest.java:19)
at java.base/java.util.ArrayList.forEach(ArrayList.java:1596)
... Removed 23 stack frames]]>
    </failure>
  </testcase> <!-- @BeforeClass setup -->
  <testcase classname="com.fintech.tests.AccountTests" name="@BeforeMethod setupPage" time="0.0">
    <skipped/>
  </testcase> <!-- @BeforeMethod setupPage -->
  <testcase classname="com.fintech.tests.BaseTest" name="@AfterMethod afterMethod" time="0.0">
    <skipped/>
  </testcase> <!-- @AfterMethod afterMethod -->
  <testcase classname="com.fintech.tests.AccountTests" name="@BeforeMethod setupPage" time="0.0">
    <skipped/>
  </testcase> <!-- @BeforeMethod setupPage -->
  <testcase classname="com.fintech.tests.BaseTest" name="@AfterMethod afterMethod" time="0.0">
    <skipped/>
  </testcase> <!-- @AfterMethod afterMethod -->
  <testcase classname="com.fintech.tests.AccountTests" name="@BeforeMethod setupPage" time="0.0">
    <skipped/>
  </testcase> <!-- @BeforeMethod setupPage -->
  <testcase classname="com.fintech.tests.BaseTest" name="@AfterMethod afterMethod" time="0.0">
    <skipped/>
  </testcase> <!-- @AfterMethod afterMethod -->
  <testcase classname="com.fintech.tests.AccountTests" name="@BeforeMethod setupPage" time="0.0">
    <skipped/>
  </testcase> <!-- @BeforeMethod setupPage -->
  <testcase classname="com.fintech.tests.BaseTest" name="@AfterMethod afterMethod" time="0.0">
    <skipped/>
  </testcase> <!-- @AfterMethod afterMethod -->
  <testcase classname="com.fintech.tests.BaseTest" name="@AfterClass teardown" time="0.0">
    <skipped/>
  </testcase> <!-- @AfterClass teardown -->
  <testcase classname="com.fintech.tests.BaseTest" name="@BeforeClass setup" time="0.007">
    <failure type="java.util.NoSuchElementException" message="No value present">
      <![CDATA[java.util.NoSuchElementException: No value present
at java.base/java.util.Optional.get(Optional.java:143)
at io.github.bonigarcia.wdm.WebDriverManager.<init>(WebDriverManager.java:225)
at io.github.bonigarcia.wdm.managers.ChromeDriverManager.<init>(ChromeDriverManager.java:51)
at io.github.bonigarcia.wdm.WebDriverManager.chromedriver(WebDriverManager.java:236)
at com.fintech.utils.DriverFactory.initDriver(DriverFactory.java:23)
at com.fintech.tests.BaseTest.setup(BaseTest.java:19)
at java.base/java.util.ArrayList.forEach(ArrayList.java:1596)
... Removed 23 stack frames]]>
    </failure>
  </testcase> <!-- @BeforeClass setup -->
  <testcase classname="com.fintech.tests.TransferTests" name="@BeforeMethod setupPage" time="0.0">
    <skipped/>
  </testcase> <!-- @BeforeMethod setupPage -->
  <testcase classname="com.fintech.tests.BaseTest" name="@AfterMethod afterMethod" time="0.0">
    <skipped/>
  </testcase> <!-- @AfterMethod afterMethod -->
  <testcase classname="com.fintech.tests.TransferTests" name="@BeforeMethod setupPage" time="0.0">
    <skipped/>
  </testcase> <!-- @BeforeMethod setupPage -->
  <testcase classname="com.fintech.tests.BaseTest" name="@AfterMethod afterMethod" time="0.0">
    <skipped/>
  </testcase> <!-- @AfterMethod afterMethod -->
  <testcase classname="com.fintech.tests.BaseTest" name="@AfterClass teardown" time="0.0">
    <skipped/>
  </testcase> <!-- @AfterClass teardown -->
  <testcase classname="com.fintech.tests.BaseTest" name="@BeforeClass setup" time="0.006">
    <failure type="java.util.NoSuchElementException" message="No value present">
      <![CDATA[java.util.NoSuchElementException: No value present
at java.base/java.util.Optional.get(Optional.java:143)
at io.github.bonigarcia.wdm.WebDriverManager.<init>(WebDriverManager.java:225)
at io.github.bonigarcia.wdm.managers.ChromeDriverManager.<init>(ChromeDriverManager.java:51)
at io.github.bonigarcia.wdm.WebDriverManager.chromedriver(WebDriverManager.java:236)
at com.fintech.utils.DriverFactory.initDriver(DriverFactory.java:23)
at com.fintech.tests.BaseTest.setup(BaseTest.java:19)
at java.base/java.util.ArrayList.forEach(ArrayList.java:1596)
... Removed 23 stack frames]]>
    </failure>
  </testcase> <!-- @BeforeClass setup -->
  <testcase classname="com.fintech.tests.LoanTests" name="@BeforeMethod setupPage" time="0.0">
    <skipped/>
  </testcase> <!-- @BeforeMethod setupPage -->
  <testcase classname="com.fintech.tests.BaseTest" name="@AfterMethod afterMethod" time="0.0">
    <skipped/>
  </testcase> <!-- @AfterMethod afterMethod -->
  <testcase classname="com.fintech.tests.LoanTests" name="@BeforeMethod setupPage" time="0.0">
    <skipped/>
  </testcase> <!-- @BeforeMethod setupPage -->
  <testcase classname="com.fintech.tests.BaseTest" name="@AfterMethod afterMethod" time="0.0">
    <skipped/>
  </testcase> <!-- @AfterMethod afterMethod -->
  <testcase classname="com.fintech.tests.BaseTest" name="@AfterClass teardown" time="0.0">
    <skipped/>
  </testcase> <!-- @AfterClass teardown -->
  <testcase classname="com.fintech.tests.BaseTest" name="@BeforeClass setup" time="0.005">
    <failure type="java.util.NoSuchElementException" message="No value present">
      <![CDATA[java.util.NoSuchElementException: No value present
at java.base/java.util.Optional.get(Optional.java:143)
at io.github.bonigarcia.wdm.WebDriverManager.<init>(WebDriverManager.java:225)
at io.github.bonigarcia.wdm.managers.ChromeDriverManager.<init>(ChromeDriverManager.java:51)
at io.github.bonigarcia.wdm.WebDriverManager.chromedriver(WebDriverManager.java:236)
at com.fintech.utils.DriverFactory.initDriver(DriverFactory.java:23)
at com.fintech.tests.BaseTest.setup(BaseTest.java:19)
at java.base/java.util.ArrayList.forEach(ArrayList.java:1596)
... Removed 23 stack frames]]>
    </failure>
  </testcase> <!-- @BeforeClass setup -->
  <testcase classname="com.fintech.tests.ContactTests" name="@BeforeMethod setupPage" time="0.0">
    <skipped/>
  </testcase> <!-- @BeforeMethod setupPage -->
  <testcase classname="com.fintech.tests.BaseTest" name="@AfterMethod afterMethod" time="0.0">
    <skipped/>
  </testcase> <!-- @AfterMethod afterMethod -->
  <testcase classname="com.fintech.tests.ContactTests" name="@BeforeMethod setupPage" time="0.0">
    <skipped/>
  </testcase> <!-- @BeforeMethod setupPage -->
  <testcase classname="com.fintech.tests.BaseTest" name="@AfterMethod afterMethod" time="0.0">
    <skipped/>
  </testcase> <!-- @AfterMethod afterMethod -->
  <testcase classname="com.fintech.tests.BaseTest" name="@AfterClass teardown" time="0.0">
    <skipped/>
  </testcase> <!-- @AfterClass teardown -->
  <testcase classname="com.fintech.tests.BaseTest" name="@BeforeClass setup" time="0.004">
    <failure type="java.util.NoSuchElementException" message="No value present">
      <![CDATA[java.util.NoSuchElementException: No value present
at java.base/java.util.Optional.get(Optional.java:143)
at io.github.bonigarcia.wdm.WebDriverManager.<init>(WebDriverManager.java:225)
at io.github.bonigarcia.wdm.managers.ChromeDriverManager.<init>(ChromeDriverManager.java:51)
at io.github.bonigarcia.wdm.WebDriverManager.chromedriver(WebDriverManager.java:236)
at com.fintech.utils.DriverFactory.initDriver(DriverFactory.java:23)
at com.fintech.tests.BaseTest.setup(BaseTest.java:19)
at java.base/java.util.ArrayList.forEach(ArrayList.java:1596)
... Removed 23 stack frames]]>
    </failure>
  </testcase> <!-- @BeforeClass setup -->
  <testcase classname="com.fintech.tests.NavigationUITests" name="@BeforeMethod setupPage" time="0.0">
    <skipped/>
  </testcase> <!-- @BeforeMethod setupPage -->
  <testcase classname="com.fintech.tests.BaseTest" name="@AfterMethod afterMethod" time="0.0">
    <skipped/>
  </testcase> <!-- @AfterMethod afterMethod -->
  <testcase classname="com.fintech.tests.NavigationUITests" name="@BeforeMethod setupPage" time="0.0">
    <skipped/>
  </testcase> <!-- @BeforeMethod setupPage -->
  <testcase classname="com.fintech.tests.BaseTest" name="@AfterMethod afterMethod" time="0.0">
    <skipped/>
  </testcase> <!-- @AfterMethod afterMethod -->
  <testcase classname="com.fintech.tests.BaseTest" name="@AfterClass teardown" time="0.0">
    <skipped/>
  </testcase> <!-- @AfterClass teardown -->
  <testcase classname="com.fintech.tests.BaseTest" name="@BeforeClass setup" time="0.006">
    <failure type="java.util.NoSuchElementException" message="No value present">
      <![CDATA[java.util.NoSuchElementException: No value present
at java.base/java.util.Optional.get(Optional.java:143)
at io.github.bonigarcia.wdm.WebDriverManager.<init>(WebDriverManager.java:225)
at io.github.bonigarcia.wdm.managers.ChromeDriverManager.<init>(ChromeDriverManager.java:51)
at io.github.bonigarcia.wdm.WebDriverManager.chromedriver(WebDriverManager.java:236)
at com.fintech.utils.DriverFactory.initDriver(DriverFactory.java:23)
at com.fintech.tests.BaseTest.setup(BaseTest.java:19)
at java.base/java.util.ArrayList.forEach(ArrayList.java:1596)
... Removed 23 stack frames]]>
    </failure>
  </testcase> <!-- @BeforeClass setup -->
  <testcase classname="com.fintech.tests.AuthTests" name="@BeforeMethod setupPage" time="0.0">
    <skipped/>
  </testcase> <!-- @BeforeMethod setupPage -->
  <testcase classname="com.fintech.tests.BaseTest" name="@AfterMethod afterMethod" time="0.0">
    <skipped/>
  </testcase> <!-- @AfterMethod afterMethod -->
  <testcase classname="com.fintech.tests.BaseTest" name="@AfterClass teardown" time="0.0">
    <skipped/>
  </testcase> <!-- @AfterClass teardown -->
  <testcase classname="com.fintech.tests.LoginTests" name="testInvalidPassword" time="0.0">
    <skipped/>
  </testcase> <!-- testInvalidPassword -->
  <testcase classname="com.fintech.tests.LoginTests" name="testUnregisteredUser" time="0.0">
    <skipped/>
  </testcase> <!-- testUnregisteredUser -->
  <testcase classname="com.fintech.tests.LoginTests" name="testValidLogin" time="0.002">
    <skipped/>
  </testcase> <!-- testValidLogin -->
  <testcase classname="com.fintech.tests.LoginTests" name="testValidLogin" time="0.001">
    <skipped/>
  </testcase> <!-- testValidLogin -->
  <testcase classname="com.fintech.tests.AccountTests" name="testOpenCheckingAccount" time="0.0">
    <skipped/>
  </testcase> <!-- testOpenCheckingAccount -->
  <testcase classname="com.fintech.tests.AccountTests" name="testOpenCheckingAccount" time="0.0">
    <skipped/>
  </testcase> <!-- testOpenCheckingAccount -->
  <testcase classname="com.fintech.tests.AccountTests" name="testOpenSavingsAccount" time="0.0">
    <skipped/>
  </testcase> <!-- testOpenSavingsAccount -->
  <testcase classname="com.fintech.tests.AccountTests" name="testOpenSavingsAccount" time="0.0">
    <skipped/>
  </testcase> <!-- testOpenSavingsAccount -->
  <testcase classname="com.fintech.tests.TransferTests" name="testTransferFunds" time="0.0">
    <skipped/>
  </testcase> <!-- testTransferFunds -->
  <testcase classname="com.fintech.tests.TransferTests" name="testTransferFunds" time="0.0">
    <skipped/>
  </testcase> <!-- testTransferFunds -->
  <testcase classname="com.fintech.tests.LoanTests" name="testApplyLoan" time="0.001">
    <skipped/>
  </testcase> <!-- testApplyLoan -->
  <testcase classname="com.fintech.tests.LoanTests" name="testApplyLoan" time="0.0">
    <skipped/>
  </testcase> <!-- testApplyLoan -->
  <testcase classname="com.fintech.tests.ContactTests" name="testSubmitContactForm" time="0.0">
    <skipped/>
  </testcase> <!-- testSubmitContactForm -->
  <testcase classname="com.fintech.tests.ContactTests" name="testSubmitContactForm" time="0.0">
    <skipped/>
  </testcase> <!-- testSubmitContactForm -->
  <testcase classname="com.fintech.tests.NavigationUITests" name="testNavigationLinks" time="0.001">
    <skipped/>
  </testcase> <!-- testNavigationLinks -->
  <testcase classname="com.fintech.tests.NavigationUITests" name="testNavigationLinks" time="0.0">
    <skipped/>
  </testcase> <!-- testNavigationLinks -->
  <testcase classname="com.fintech.tests.AuthTests" name="testLoginLogoutFlow" time="0.0">
    <skipped/>
  </testcase> <!-- testLoginLogoutFlow -->
</testsuite> <!-- ParaBankTests -->
