<html>
<head>
<title>TestNG:  ChromeRun</title>
<link href="../testng.css" rel="stylesheet" type="text/css" />
<link href="../my-testng.css" rel="stylesheet" type="text/css" />

<style type="text/css">
.log { display: none;} 
.stack-trace { display: none;} 
</style>
<script type="text/javascript">
<!--
function flip(e) {
  current = e.style.display;
  if (current == 'block') {
    e.style.display = 'none';
    return 0;
  }
  else {
    e.style.display = 'block';
    return 1;
  }
}

function toggleBox(szDivId, elem, msg1, msg2)
{
  var res = -1;  if (document.getElementById) {
    res = flip(document.getElementById(szDivId));
  }
  else if (document.all) {
    // this is the way old msie versions work
    res = flip(document.all[szDivId]);
  }
  if(elem) {
    if(res == 0) elem.innerHTML = msg1; else elem.innerHTML = msg2;
  }

}

function toggleAllBoxes() {
  if (document.getElementsByTagName) {
    d = document.getElementsByTagName('div');
    for (i = 0; i < d.length; i++) {
      if (d[i].className == 'log') {
        flip(d[i]);
      }
    }
  }
}

// -->
</script>

</head>
<body>
<h2 align='center'>ChromeRun</h2><table border='1' align="center">
<tr>
<td>Tests passed/Failed/Skipped:</td><td>36/4/7</td>
</tr><tr>
<td>Started on:</td><td>Tue Oct 28 02:14:47 IST 2025</td>
</tr>
<tr><td>Total time:</td><td>1323 seconds (1323884 ms)</td>
</tr><tr>
<td>Included groups:</td><td></td>
</tr><tr>
<td>Excluded groups:</td><td></td>
</tr>
</table><p/>
<small><i>(Hover the method name to see the test class name)</i></small><p/>
<table width='100%' border='1' class='invocation-failed'>
<tr><td colspan='4' align='center'><b>FAILED CONFIGURATIONS</b></td></tr>
<tr><td><b>Test method</b></td>
<td><b>Attribute(s)</b></td>
<td width="30%"><b>Exception</b></td>
<td width="10%"><b>Time (seconds)</b></td>
<td><b>Instance</b></td>
</tr>
<tr>
<td title='com.fintech.tests.TransferTests.setupAccountsOnce()'><b>setupAccountsOnce</b><br>Test class: com.fintech.tests.TransferTests</td>
<td><div><pre>java.lang.NullPointerException: Cannot invoke &quot;org.openqa.selenium.WebDriver.navigate()&quot; because &quot;this.driver&quot; is null
	at com.fintech.tests.BaseTest.loginAsJohn(BaseTest.java:139)
	at com.fintech.tests.TransferTests.setupAccountsOnce(TransferTests.java:26)
	at java.base/java.util.ArrayList.forEach(ArrayList.java:1596)
	at java.base/java.util.concurrent.FutureTask.run(FutureTask.java:317)
	at java.base/java.util.concurrent.ThreadPoolExecutor.runWorker(ThreadPoolExecutor.java:1144)
	at java.base/java.util.concurrent.ThreadPoolExecutor$Worker.run(ThreadPoolExecutor.java:642)
	at java.base/java.lang.Thread.run(Thread.java:1583)
... Removed 13 stack frames</pre></div><a href='#' onClick='toggleBox("stack-trace1925107490", this, "Click to show all stack frames", "Click to hide stack frames")'>Click to show all stack frames</a>
<div class='stack-trace' id='stack-trace1925107490'><pre>java.lang.NullPointerException: Cannot invoke &quot;org.openqa.selenium.WebDriver.navigate()&quot; because &quot;this.driver&quot; is null
	at com.fintech.tests.BaseTest.loginAsJohn(BaseTest.java:139)
	at com.fintech.tests.TransferTests.setupAccountsOnce(TransferTests.java:26)
	at java.base/jdk.internal.reflect.DirectMethodHandleAccessor.invoke(DirectMethodHandleAccessor.java:103)
	at java.base/java.lang.reflect.Method.invoke(Method.java:580)
	at org.testng.internal.invokers.MethodInvocationHelper.invokeMethod(MethodInvocationHelper.java:141)
	at org.testng.internal.invokers.MethodInvocationHelper.invokeMethodConsideringTimeout(MethodInvocationHelper.java:71)
	at org.testng.internal.invokers.ConfigInvoker.invokeConfigurationMethod(ConfigInvoker.java:400)
	at org.testng.internal.invokers.ConfigInvoker.invokeConfigurations(ConfigInvoker.java:333)
	at org.testng.internal.invokers.TestMethodWorker.invokeBeforeClassMethods(TestMethodWorker.java:188)
	at org.testng.internal.invokers.TestMethodWorker.run(TestMethodWorker.java:128)
	at java.base/java.util.ArrayList.forEach(ArrayList.java:1596)
	at org.testng.TestRunner.privateRun(TestRunner.java:741)
	at org.testng.TestRunner.run(TestRunner.java:616)
	at org.testng.SuiteRunner.runTest(SuiteRunner.java:421)
	at org.testng.SuiteRunner$SuiteWorker.run(SuiteRunner.java:463)
	at org.testng.internal.thread.ThreadUtil.lambda$execute$0(ThreadUtil.java:64)
	at java.base/java.util.concurrent.FutureTask.run(FutureTask.java:317)
	at java.base/java.util.concurrent.ThreadPoolExecutor.runWorker(ThreadPoolExecutor.java:1144)
	at java.base/java.util.concurrent.ThreadPoolExecutor$Worker.run(ThreadPoolExecutor.java:642)
	at java.base/java.lang.Thread.run(Thread.java:1583)
</pre></div></td>
<td>0</td>
<td>com.fintech.tests.TransferTests@54d9d12d</td></tr>
</table><p>
<table width='100%' border='1' class='invocation-skipped'>
<tr><td colspan='4' align='center'><b>SKIPPED CONFIGURATIONS</b></td></tr>
<tr><td><b>Test method</b></td>
<td><b>Attribute(s)</b></td>
<td width="30%"><b>Exception</b></td>
<td width="10%"><b>Time (seconds)</b></td>
<td><b>Instance</b></td>
</tr>
<tr>
<td title='com.fintech.tests.TransferTests.setupTransferContext()'><b>setupTransferContext</b><br>Test class: com.fintech.tests.TransferTests</td>
<td></td>
<td>0</td>
<td>com.fintech.tests.TransferTests@54d9d12d</td></tr>
<tr>
<td title='com.fintech.tests.TransferTests.setupTransferContext()'><b>setupTransferContext</b><br>Test class: com.fintech.tests.TransferTests</td>
<td></td>
<td>0</td>
<td>com.fintech.tests.TransferTests@54d9d12d</td></tr>
<tr>
<td title='com.fintech.tests.TransferTests.setupTransferContext()'><b>setupTransferContext</b><br>Test class: com.fintech.tests.TransferTests</td>
<td></td>
<td>0</td>
<td>com.fintech.tests.TransferTests@54d9d12d</td></tr>
<tr>
<td title='com.fintech.tests.TransferTests.setupTransferContext()'><b>setupTransferContext</b><br>Test class: com.fintech.tests.TransferTests</td>
<td></td>
<td>0</td>
<td>com.fintech.tests.TransferTests@54d9d12d</td></tr>
</table><p>
<table width='100%' border='1' class='invocation-failed'>
<tr><td colspan='4' align='center'><b>FAILED TESTS</b></td></tr>
<tr><td><b>Test method</b></td>
<td><b>Attribute(s)</b></td>
<td width="30%"><b>Exception</b></td>
<td width="10%"><b>Time (seconds)</b></td>
<td><b>Instance</b></td>
</tr>
<tr>
<td title='com.fintech.tests.AccountTests.testFullTransactionHistory()'><b>testFullTransactionHistory</b><br>Test class: com.fintech.tests.AccountTests</td>
<td><div><pre>java.lang.AssertionError: Transaction history should be visible expected [true] but found [false]
	at com.fintech.tests.AccountTests.testFullTransactionHistory(AccountTests.java:236)
	at java.base/java.util.ArrayList.forEach(ArrayList.java:1596)
	at java.base/java.util.concurrent.FutureTask.run(FutureTask.java:317)
	at java.base/java.util.concurrent.ThreadPoolExecutor.runWorker(ThreadPoolExecutor.java:1144)
	at java.base/java.util.concurrent.ThreadPoolExecutor$Worker.run(ThreadPoolExecutor.java:642)
	at java.base/java.lang.Thread.run(Thread.java:1583)
... Removed 18 stack frames</pre></div><a href='#' onClick='toggleBox("stack-trace1995525748", this, "Click to show all stack frames", "Click to hide stack frames")'>Click to show all stack frames</a>
<div class='stack-trace' id='stack-trace1995525748'><pre>java.lang.AssertionError: Transaction history should be visible expected [true] but found [false]
	at org.testng.Assert.fail(Assert.java:111)
	at org.testng.Assert.failNotEquals(Assert.java:1590)
	at org.testng.Assert.assertTrue(Assert.java:57)
	at com.fintech.tests.AccountTests.testFullTransactionHistory(AccountTests.java:236)
	at java.base/jdk.internal.reflect.DirectMethodHandleAccessor.invoke(DirectMethodHandleAccessor.java:103)
	at java.base/java.lang.reflect.Method.invoke(Method.java:580)
	at org.testng.internal.invokers.MethodInvocationHelper.invokeMethod(MethodInvocationHelper.java:141)
	at org.testng.internal.invokers.TestInvoker.invokeMethod(TestInvoker.java:687)
	at org.testng.internal.invokers.TestInvoker.invokeTestMethod(TestInvoker.java:230)
	at org.testng.internal.invokers.MethodRunner.runInSequence(MethodRunner.java:63)
	at org.testng.internal.invokers.TestInvoker$MethodInvocationAgent.invoke(TestInvoker.java:995)
	at org.testng.internal.invokers.TestInvoker.invokeTestMethods(TestInvoker.java:203)
	at org.testng.internal.invokers.TestMethodWorker.invokeTestMethods(TestMethodWorker.java:154)
	at org.testng.internal.invokers.TestMethodWorker.run(TestMethodWorker.java:134)
	at java.base/java.util.ArrayList.forEach(ArrayList.java:1596)
	at org.testng.TestRunner.privateRun(TestRunner.java:741)
	at org.testng.TestRunner.run(TestRunner.java:616)
	at org.testng.SuiteRunner.runTest(SuiteRunner.java:421)
	at org.testng.SuiteRunner$SuiteWorker.run(SuiteRunner.java:463)
	at org.testng.internal.thread.ThreadUtil.lambda$execute$0(ThreadUtil.java:64)
	at java.base/java.util.concurrent.FutureTask.run(FutureTask.java:317)
	at java.base/java.util.concurrent.ThreadPoolExecutor.runWorker(ThreadPoolExecutor.java:1144)
	at java.base/java.util.concurrent.ThreadPoolExecutor$Worker.run(ThreadPoolExecutor.java:642)
	at java.base/java.lang.Thread.run(Thread.java:1583)
</pre></div></td>
<td>40</td>
<td>com.fintech.tests.AccountTests@33d512c1</td></tr>
<tr>
<td title='com.fintech.tests.AccountTests.testAccountFunctionality()'><b>testAccountFunctionality</b><br>Test class: com.fintech.tests.AccountTests<br>Parameters: Validate account summary, 13344, , null, , , , , 2942.93, true</td>
<td><div><pre>java.lang.RuntimeException: ⚠️ Balance element not found or stale
	at com.fintech.pages.AccountPage.getBalanceFromCurrentPage(AccountPage.java:160)
	at com.fintech.tests.AccountTests.testAccountFunctionality(AccountTests.java:459)
	at java.base/java.util.ArrayList.forEach(ArrayList.java:1596)
	at java.base/java.util.concurrent.FutureTask.run(FutureTask.java:317)
	at java.base/java.util.concurrent.ThreadPoolExecutor.runWorker(ThreadPoolExecutor.java:1144)
	at java.base/java.util.concurrent.ThreadPoolExecutor$Worker.run(ThreadPoolExecutor.java:642)
	at java.base/java.lang.Thread.run(Thread.java:1583)
Caused by: org.openqa.selenium.TimeoutException: Expected condition failed: waiting for visibility of element located by By.xpath: //table[@id=&apos;accountTable&apos;]//tr[td[a[contains(@href,&apos;activity.htm?id=&apos;)]]]//td[2] (tried for 15 second(s) with 500 milliseconds interval)
Build info: version: &apos;4.35.0&apos;, revision: &apos;1c58e5028b&apos;
System info: os.name: &apos;Windows 10&apos;, os.arch: &apos;amd64&apos;, os.version: &apos;10.0&apos;, java.version: &apos;21.0.7&apos;
Driver info: org.openqa.selenium.chrome.ChromeDriver
Capabilities {acceptInsecureCerts: false, browserName: chrome, browserVersion: 141.0.7390.123, chrome: {chromedriverVersion: 141.0.7390.122 (b477534e7e1..., userDataDir: C:\Windows\SystemTemp\scope...}, fedcm:accounts: true, goog:chromeOptions: {debuggerAddress: localhost:60291}, networkConnectionEnabled: false, pageLoadStrategy: normal, platformName: windows, proxy: Proxy(), se:cdp: ws://localhost:60291/devtoo..., se:cdpVersion: 141.0.7390.123, setWindowRect: true, strictFileInteractability: false, timeouts: {implicit: 0, pageLoad: 300000, script: 30000}, unhandledPromptBehavior: dismiss and notify, webauthn:extension:credBlob: true, webauthn:extension:largeBlob: true, webauthn:extension:minPinLength: true, webauthn:extension:prf: true, webauthn:virtualAuthenticators: true}
Session ID: 6362d604e73bc8a0f9b3ee23ac71603c
	at org.openqa.selenium.support.ui.WebDriverWait.timeoutException(WebDriverWait.java:84)
	at org.openqa.selenium.support.ui.FluentWait.until(FluentWait.java:228)
	at com.fintech.pages.BasePage.waitForVisibility(BasePage.java:194)
	at com.fintech.pages.AccountPage.getBalanceFromCurrentPage(AccountPage.java:146)
	... 21 more
... Removed 15 stack frames</pre></div><a href='#' onClick='toggleBox("stack-trace311366856", this, "Click to show all stack frames", "Click to hide stack frames")'>Click to show all stack frames</a>
<div class='stack-trace' id='stack-trace311366856'><pre>java.lang.RuntimeException: ⚠️ Balance element not found or stale
	at com.fintech.pages.AccountPage.getBalanceFromCurrentPage(AccountPage.java:160)
	at com.fintech.tests.AccountTests.testAccountFunctionality(AccountTests.java:459)
	at java.base/jdk.internal.reflect.DirectMethodHandleAccessor.invoke(DirectMethodHandleAccessor.java:103)
	at java.base/java.lang.reflect.Method.invoke(Method.java:580)
	at org.testng.internal.invokers.MethodInvocationHelper.invokeMethod(MethodInvocationHelper.java:141)
	at org.testng.internal.invokers.TestInvoker.invokeMethod(TestInvoker.java:687)
	at org.testng.internal.invokers.TestInvoker.invokeTestMethod(TestInvoker.java:230)
	at org.testng.internal.invokers.MethodRunner.runInSequence(MethodRunner.java:63)
	at org.testng.internal.invokers.TestInvoker$MethodInvocationAgent.invoke(TestInvoker.java:995)
	at org.testng.internal.invokers.TestInvoker.invokeTestMethods(TestInvoker.java:203)
	at org.testng.internal.invokers.TestMethodWorker.invokeTestMethods(TestMethodWorker.java:154)
	at org.testng.internal.invokers.TestMethodWorker.run(TestMethodWorker.java:134)
	at java.base/java.util.ArrayList.forEach(ArrayList.java:1596)
	at org.testng.TestRunner.privateRun(TestRunner.java:741)
	at org.testng.TestRunner.run(TestRunner.java:616)
	at org.testng.SuiteRunner.runTest(SuiteRunner.java:421)
	at org.testng.SuiteRunner$SuiteWorker.run(SuiteRunner.java:463)
	at org.testng.internal.thread.ThreadUtil.lambda$execute$0(ThreadUtil.java:64)
	at java.base/java.util.concurrent.FutureTask.run(FutureTask.java:317)
	at java.base/java.util.concurrent.ThreadPoolExecutor.runWorker(ThreadPoolExecutor.java:1144)
	at java.base/java.util.concurrent.ThreadPoolExecutor$Worker.run(ThreadPoolExecutor.java:642)
	at java.base/java.lang.Thread.run(Thread.java:1583)
Caused by: org.openqa.selenium.TimeoutException: Expected condition failed: waiting for visibility of element located by By.xpath: //table[@id=&apos;accountTable&apos;]//tr[td[a[contains(@href,&apos;activity.htm?id=&apos;)]]]//td[2] (tried for 15 second(s) with 500 milliseconds interval)
Build info: version: &apos;4.35.0&apos;, revision: &apos;1c58e5028b&apos;
System info: os.name: &apos;Windows 10&apos;, os.arch: &apos;amd64&apos;, os.version: &apos;10.0&apos;, java.version: &apos;21.0.7&apos;
Driver info: org.openqa.selenium.chrome.ChromeDriver
Capabilities {acceptInsecureCerts: false, browserName: chrome, browserVersion: 141.0.7390.123, chrome: {chromedriverVersion: 141.0.7390.122 (b477534e7e1..., userDataDir: C:\Windows\SystemTemp\scope...}, fedcm:accounts: true, goog:chromeOptions: {debuggerAddress: localhost:60291}, networkConnectionEnabled: false, pageLoadStrategy: normal, platformName: windows, proxy: Proxy(), se:cdp: ws://localhost:60291/devtoo..., se:cdpVersion: 141.0.7390.123, setWindowRect: true, strictFileInteractability: false, timeouts: {implicit: 0, pageLoad: 300000, script: 30000}, unhandledPromptBehavior: dismiss and notify, webauthn:extension:credBlob: true, webauthn:extension:largeBlob: true, webauthn:extension:minPinLength: true, webauthn:extension:prf: true, webauthn:virtualAuthenticators: true}
Session ID: 6362d604e73bc8a0f9b3ee23ac71603c
	at org.openqa.selenium.support.ui.WebDriverWait.timeoutException(WebDriverWait.java:84)
	at org.openqa.selenium.support.ui.FluentWait.until(FluentWait.java:228)
	at com.fintech.pages.BasePage.waitForVisibility(BasePage.java:194)
	at com.fintech.pages.AccountPage.getBalanceFromCurrentPage(AccountPage.java:146)
	... 21 more
</pre></div></td>
<td>23</td>
<td>com.fintech.tests.AccountTests@33d512c1</td></tr>
<tr>
<td title='com.fintech.tests.AccountTests.testAccountFunctionality()'><b>testAccountFunctionality</b><br>Test class: com.fintech.tests.AccountTests<br>Parameters: Balance update after transfer, 13344, 14455, 100.0, 10/01/2025, 10/01/2025, Date, Ascending, 4392.93, true</td>
<td><div><pre>java.lang.RuntimeException: ⚠️ Balance element not found or stale
	at com.fintech.pages.AccountPage.getBalanceFromCurrentPage(AccountPage.java:160)
	at com.fintech.pages.AccountPage.getBalance(AccountPage.java:169)
	at com.fintech.tests.AccountTests.testAccountFunctionality(AccountTests.java:367)
	at java.base/java.util.ArrayList.forEach(ArrayList.java:1596)
	at java.base/java.util.concurrent.FutureTask.run(FutureTask.java:317)
	at java.base/java.util.concurrent.ThreadPoolExecutor.runWorker(ThreadPoolExecutor.java:1144)
	at java.base/java.util.concurrent.ThreadPoolExecutor$Worker.run(ThreadPoolExecutor.java:642)
	at java.base/java.lang.Thread.run(Thread.java:1583)
Caused by: org.openqa.selenium.TimeoutException: Expected condition failed: waiting for visibility of element located by By.xpath: //table[@id=&apos;accountTable&apos;]//tr[td[a[contains(@href,&apos;activity.htm?id=&apos;)]]]//td[2] (tried for 15 second(s) with 500 milliseconds interval)
Build info: version: &apos;4.35.0&apos;, revision: &apos;1c58e5028b&apos;
System info: os.name: &apos;Windows 10&apos;, os.arch: &apos;amd64&apos;, os.version: &apos;10.0&apos;, java.version: &apos;21.0.7&apos;
Driver info: org.openqa.selenium.chrome.ChromeDriver
Capabilities {acceptInsecureCerts: false, browserName: chrome, browserVersion: 141.0.7390.123, chrome: {chromedriverVersion: 141.0.7390.122 (b477534e7e1..., userDataDir: C:\Windows\SystemTemp\scope...}, fedcm:accounts: true, goog:chromeOptions: {debuggerAddress: localhost:60183}, networkConnectionEnabled: false, pageLoadStrategy: normal, platformName: windows, proxy: Proxy(), se:cdp: ws://localhost:60183/devtoo..., se:cdpVersion: 141.0.7390.123, setWindowRect: true, strictFileInteractability: false, timeouts: {implicit: 0, pageLoad: 300000, script: 30000}, unhandledPromptBehavior: dismiss and notify, webauthn:extension:credBlob: true, webauthn:extension:largeBlob: true, webauthn:extension:minPinLength: true, webauthn:extension:prf: true, webauthn:virtualAuthenticators: true}
Session ID: 379e9113ec410946ea4550e7b63c6ef8
	at org.openqa.selenium.support.ui.WebDriverWait.timeoutException(WebDriverWait.java:84)
	at org.openqa.selenium.support.ui.FluentWait.until(FluentWait.java:228)
	at com.fintech.pages.BasePage.waitForVisibility(BasePage.java:194)
	at com.fintech.pages.AccountPage.getBalanceFromCurrentPage(AccountPage.java:146)
	... 22 more
... Removed 15 stack frames</pre></div><a href='#' onClick='toggleBox("stack-trace1609222948", this, "Click to show all stack frames", "Click to hide stack frames")'>Click to show all stack frames</a>
<div class='stack-trace' id='stack-trace1609222948'><pre>java.lang.RuntimeException: ⚠️ Balance element not found or stale
	at com.fintech.pages.AccountPage.getBalanceFromCurrentPage(AccountPage.java:160)
	at com.fintech.pages.AccountPage.getBalance(AccountPage.java:169)
	at com.fintech.tests.AccountTests.testAccountFunctionality(AccountTests.java:367)
	at java.base/jdk.internal.reflect.DirectMethodHandleAccessor.invoke(DirectMethodHandleAccessor.java:103)
	at java.base/java.lang.reflect.Method.invoke(Method.java:580)
	at org.testng.internal.invokers.MethodInvocationHelper.invokeMethod(MethodInvocationHelper.java:141)
	at org.testng.internal.invokers.TestInvoker.invokeMethod(TestInvoker.java:687)
	at org.testng.internal.invokers.TestInvoker.invokeTestMethod(TestInvoker.java:230)
	at org.testng.internal.invokers.MethodRunner.runInSequence(MethodRunner.java:63)
	at org.testng.internal.invokers.TestInvoker$MethodInvocationAgent.invoke(TestInvoker.java:995)
	at org.testng.internal.invokers.TestInvoker.invokeTestMethods(TestInvoker.java:203)
	at org.testng.internal.invokers.TestMethodWorker.invokeTestMethods(TestMethodWorker.java:154)
	at org.testng.internal.invokers.TestMethodWorker.run(TestMethodWorker.java:134)
	at java.base/java.util.ArrayList.forEach(ArrayList.java:1596)
	at org.testng.TestRunner.privateRun(TestRunner.java:741)
	at org.testng.TestRunner.run(TestRunner.java:616)
	at org.testng.SuiteRunner.runTest(SuiteRunner.java:421)
	at org.testng.SuiteRunner$SuiteWorker.run(SuiteRunner.java:463)
	at org.testng.internal.thread.ThreadUtil.lambda$execute$0(ThreadUtil.java:64)
	at java.base/java.util.concurrent.FutureTask.run(FutureTask.java:317)
	at java.base/java.util.concurrent.ThreadPoolExecutor.runWorker(ThreadPoolExecutor.java:1144)
	at java.base/java.util.concurrent.ThreadPoolExecutor$Worker.run(ThreadPoolExecutor.java:642)
	at java.base/java.lang.Thread.run(Thread.java:1583)
Caused by: org.openqa.selenium.TimeoutException: Expected condition failed: waiting for visibility of element located by By.xpath: //table[@id=&apos;accountTable&apos;]//tr[td[a[contains(@href,&apos;activity.htm?id=&apos;)]]]//td[2] (tried for 15 second(s) with 500 milliseconds interval)
Build info: version: &apos;4.35.0&apos;, revision: &apos;1c58e5028b&apos;
System info: os.name: &apos;Windows 10&apos;, os.arch: &apos;amd64&apos;, os.version: &apos;10.0&apos;, java.version: &apos;21.0.7&apos;
Driver info: org.openqa.selenium.chrome.ChromeDriver
Capabilities {acceptInsecureCerts: false, browserName: chrome, browserVersion: 141.0.7390.123, chrome: {chromedriverVersion: 141.0.7390.122 (b477534e7e1..., userDataDir: C:\Windows\SystemTemp\scope...}, fedcm:accounts: true, goog:chromeOptions: {debuggerAddress: localhost:60183}, networkConnectionEnabled: false, pageLoadStrategy: normal, platformName: windows, proxy: Proxy(), se:cdp: ws://localhost:60183/devtoo..., se:cdpVersion: 141.0.7390.123, setWindowRect: true, strictFileInteractability: false, timeouts: {implicit: 0, pageLoad: 300000, script: 30000}, unhandledPromptBehavior: dismiss and notify, webauthn:extension:credBlob: true, webauthn:extension:largeBlob: true, webauthn:extension:minPinLength: true, webauthn:extension:prf: true, webauthn:virtualAuthenticators: true}
Session ID: 379e9113ec410946ea4550e7b63c6ef8
	at org.openqa.selenium.support.ui.WebDriverWait.timeoutException(WebDriverWait.java:84)
	at org.openqa.selenium.support.ui.FluentWait.until(FluentWait.java:228)
	at com.fintech.pages.BasePage.waitForVisibility(BasePage.java:194)
	at com.fintech.pages.AccountPage.getBalanceFromCurrentPage(AccountPage.java:146)
	... 22 more
</pre></div></td>
<td>22</td>
<td>com.fintech.tests.AccountTests@33d512c1</td></tr>
<tr>
<td title='com.fintech.tests.AccountTests.testBalanceUpdateAfterTransaction()'><b>testBalanceUpdateAfterTransaction</b><br>Test class: com.fintech.tests.AccountTests</td>
<td><div><pre>org.openqa.selenium.TimeoutException: Expected condition failed: waiting for visibility of element located by By.id: newAccountId (tried for 15 second(s) with 500 milliseconds interval)
Build info: version: &apos;4.35.0&apos;, revision: &apos;1c58e5028b&apos;
System info: os.name: &apos;Windows 10&apos;, os.arch: &apos;amd64&apos;, os.version: &apos;10.0&apos;, java.version: &apos;21.0.7&apos;
Driver info: org.openqa.selenium.chrome.ChromeDriver
Capabilities {acceptInsecureCerts: false, browserName: chrome, browserVersion: 141.0.7390.123, chrome: {chromedriverVersion: 141.0.7390.122 (b477534e7e1..., userDataDir: C:\Windows\SystemTemp\scope...}, fedcm:accounts: true, goog:chromeOptions: {debuggerAddress: localhost:60322}, networkConnectionEnabled: false, pageLoadStrategy: normal, platformName: windows, proxy: Proxy(), se:cdp: ws://localhost:60322/devtoo..., se:cdpVersion: 141.0.7390.123, setWindowRect: true, strictFileInteractability: false, timeouts: {implicit: 0, pageLoad: 300000, script: 30000}, unhandledPromptBehavior: dismiss and notify, webauthn:extension:credBlob: true, webauthn:extension:largeBlob: true, webauthn:extension:minPinLength: true, webauthn:extension:prf: true, webauthn:virtualAuthenticators: true}
Session ID: 06d029560d5c737d22e428a7380527ef
	at org.openqa.selenium.support.ui.WebDriverWait.timeoutException(WebDriverWait.java:84)
	at org.openqa.selenium.support.ui.FluentWait.until(FluentWait.java:228)
	at com.fintech.pages.BasePage.waitForVisibility(BasePage.java:194)
	at com.fintech.pages.AccountPage.ensureTwoAccounts(AccountPage.java:83)
	at com.fintech.tests.AccountTests.testBalanceUpdateAfterTransaction(AccountTests.java:123)
	at java.base/java.util.ArrayList.forEach(ArrayList.java:1596)
	at java.base/java.util.concurrent.FutureTask.run(FutureTask.java:317)
	at java.base/java.util.concurrent.ThreadPoolExecutor.runWorker(ThreadPoolExecutor.java:1144)
	at java.base/java.util.concurrent.ThreadPoolExecutor$Worker.run(ThreadPoolExecutor.java:642)
	at java.base/java.lang.Thread.run(Thread.java:1583)
... Removed 15 stack frames</pre></div><a href='#' onClick='toggleBox("stack-trace72959510", this, "Click to show all stack frames", "Click to hide stack frames")'>Click to show all stack frames</a>
<div class='stack-trace' id='stack-trace72959510'><pre>org.openqa.selenium.TimeoutException: Expected condition failed: waiting for visibility of element located by By.id: newAccountId (tried for 15 second(s) with 500 milliseconds interval)
Build info: version: &apos;4.35.0&apos;, revision: &apos;1c58e5028b&apos;
System info: os.name: &apos;Windows 10&apos;, os.arch: &apos;amd64&apos;, os.version: &apos;10.0&apos;, java.version: &apos;21.0.7&apos;
Driver info: org.openqa.selenium.chrome.ChromeDriver
Capabilities {acceptInsecureCerts: false, browserName: chrome, browserVersion: 141.0.7390.123, chrome: {chromedriverVersion: 141.0.7390.122 (b477534e7e1..., userDataDir: C:\Windows\SystemTemp\scope...}, fedcm:accounts: true, goog:chromeOptions: {debuggerAddress: localhost:60322}, networkConnectionEnabled: false, pageLoadStrategy: normal, platformName: windows, proxy: Proxy(), se:cdp: ws://localhost:60322/devtoo..., se:cdpVersion: 141.0.7390.123, setWindowRect: true, strictFileInteractability: false, timeouts: {implicit: 0, pageLoad: 300000, script: 30000}, unhandledPromptBehavior: dismiss and notify, webauthn:extension:credBlob: true, webauthn:extension:largeBlob: true, webauthn:extension:minPinLength: true, webauthn:extension:prf: true, webauthn:virtualAuthenticators: true}
Session ID: 06d029560d5c737d22e428a7380527ef
	at org.openqa.selenium.support.ui.WebDriverWait.timeoutException(WebDriverWait.java:84)
	at org.openqa.selenium.support.ui.FluentWait.until(FluentWait.java:228)
	at com.fintech.pages.BasePage.waitForVisibility(BasePage.java:194)
	at com.fintech.pages.AccountPage.ensureTwoAccounts(AccountPage.java:83)
	at com.fintech.tests.AccountTests.testBalanceUpdateAfterTransaction(AccountTests.java:123)
	at java.base/jdk.internal.reflect.DirectMethodHandleAccessor.invoke(DirectMethodHandleAccessor.java:103)
	at java.base/java.lang.reflect.Method.invoke(Method.java:580)
	at org.testng.internal.invokers.MethodInvocationHelper.invokeMethod(MethodInvocationHelper.java:141)
	at org.testng.internal.invokers.TestInvoker.invokeMethod(TestInvoker.java:687)
	at org.testng.internal.invokers.TestInvoker.invokeTestMethod(TestInvoker.java:230)
	at org.testng.internal.invokers.MethodRunner.runInSequence(MethodRunner.java:63)
	at org.testng.internal.invokers.TestInvoker$MethodInvocationAgent.invoke(TestInvoker.java:995)
	at org.testng.internal.invokers.TestInvoker.invokeTestMethods(TestInvoker.java:203)
	at org.testng.internal.invokers.TestMethodWorker.invokeTestMethods(TestMethodWorker.java:154)
	at org.testng.internal.invokers.TestMethodWorker.run(TestMethodWorker.java:134)
	at java.base/java.util.ArrayList.forEach(ArrayList.java:1596)
	at org.testng.TestRunner.privateRun(TestRunner.java:741)
	at org.testng.TestRunner.run(TestRunner.java:616)
	at org.testng.SuiteRunner.runTest(SuiteRunner.java:421)
	at org.testng.SuiteRunner$SuiteWorker.run(SuiteRunner.java:463)
	at org.testng.internal.thread.ThreadUtil.lambda$execute$0(ThreadUtil.java:64)
	at java.base/java.util.concurrent.FutureTask.run(FutureTask.java:317)
	at java.base/java.util.concurrent.ThreadPoolExecutor.runWorker(ThreadPoolExecutor.java:1144)
	at java.base/java.util.concurrent.ThreadPoolExecutor$Worker.run(ThreadPoolExecutor.java:642)
	at java.base/java.lang.Thread.run(Thread.java:1583)
</pre></div></td>
<td>22</td>
<td>com.fintech.tests.AccountTests@33d512c1</td></tr>
</table><p>
<table width='100%' border='1' class='invocation-passed'>
<tr><td colspan='4' align='center'><b>PASSED TESTS</b></td></tr>
<tr><td><b>Test method</b></td>
<td><b>Attribute(s)</b></td>
<td width="30%"><b>Exception</b></td>
<td width="10%"><b>Time (seconds)</b></td>
<td><b>Instance</b></td>
</tr>
<tr>
<td title='com.fintech.tests.AuthTests.loginWithExcelData()'><b>loginWithExcelData</b><br>Test class: com.fintech.tests.AuthTests<br>Parameters: john, wrong, INVALID</td>
<td></td>
<td>16</td>
<td>com.fintech.tests.AuthTests@397fbdb</td></tr>
<tr>
<td title='com.fintech.tests.AccountTests.testTransactionFilterByDateRange()'><b>testTransactionFilterByDateRange</b><br>Test class: com.fintech.tests.AccountTests</td>
<td></td>
<td>91</td>
<td>com.fintech.tests.AccountTests@33d512c1</td></tr>
<tr>
<td title='com.fintech.tests.NavigationUITests.checkParaBankConnectivity()'><b>checkParaBankConnectivity</b><br>Test class: com.fintech.tests.NavigationUITests</td>
<td></td>
<td>2</td>
<td>com.fintech.tests.NavigationUITests@6a6cb05c</td></tr>
<tr>
<td title='com.fintech.tests.ContactTests.submitContactForm()'><b>submitContactForm</b><br>Test class: com.fintech.tests.ContactTests<br>Parameters: , , null, , false</td>
<td></td>
<td>5</td>
<td>com.fintech.tests.ContactTests@702657cc</td></tr>
<tr>
<td title='com.fintech.tests.AuthTests.logoutAfterLogin()'><b>logoutAfterLogin</b><br>Test class: com.fintech.tests.AuthTests<br>Parameters: john, wrong</td>
<td></td>
<td>18</td>
<td>com.fintech.tests.AuthTests@397fbdb</td></tr>
<tr>
<td title='com.fintech.tests.ContactTests.openContactForm()'><b>openContactForm</b><br>Test class: com.fintech.tests.ContactTests</td>
<td></td>
<td>7</td>
<td>com.fintech.tests.ContactTests@702657cc</td></tr>
<tr>
<td title='com.fintech.tests.LoginTests.loginScenarios()'><b>loginScenarios</b><br>Test class: com.fintech.tests.LoginTests<br>Parameters: , , EMPTY</td>
<td></td>
<td>13</td>
<td>com.fintech.tests.LoginTests@3270d194</td></tr>
<tr>
<td title='com.fintech.tests.AuthTests.sessionTimeoutSimulation()'><b>sessionTimeoutSimulation</b><br>Test class: com.fintech.tests.AuthTests</td>
<td></td>
<td>307</td>
<td>com.fintech.tests.AuthTests@397fbdb</td></tr>
<tr>
<td title='com.fintech.tests.NavigationUITests.validateAlertBoxContent()'><b>validateAlertBoxContent</b><br>Test class: com.fintech.tests.NavigationUITests</td>
<td></td>
<td>5</td>
<td>com.fintech.tests.NavigationUITests@6a6cb05c</td></tr>
<tr>
<td title='com.fintech.tests.LoginTests.passwordMasking()'><b>passwordMasking</b><br>Test class: com.fintech.tests.LoginTests</td>
<td></td>
<td>4</td>
<td>com.fintech.tests.LoginTests@3270d194</td></tr>
<tr>
<td title='com.fintech.tests.AccountTests.testAccountFunctionality()'><b>testAccountFunctionality</b><br>Test class: com.fintech.tests.AccountTests<br>Parameters: Filter transactions by date range, 13344, , null, 09/01/2025, 09/30/2025, , , null, true</td>
<td></td>
<td>92</td>
<td>com.fintech.tests.AccountTests@33d512c1</td></tr>
<tr>
<td title='com.fintech.tests.LoginTests.loginScenarios()'><b>loginScenarios</b><br>Test class: com.fintech.tests.LoginTests<br>Parameters: user@com, pass, INVALID_EMAIL</td>
<td></td>
<td>16</td>
<td>com.fintech.tests.LoginTests@3270d194</td></tr>
<tr>
<td title='com.fintech.tests.AuthTests.logoutAfterLogin()'><b>logoutAfterLogin</b><br>Test class: com.fintech.tests.AuthTests<br>Parameters: notexist, demo</td>
<td></td>
<td>15</td>
<td>com.fintech.tests.AuthTests@397fbdb</td></tr>
<tr>
<td title='com.fintech.tests.LoginTests.loginScenarios()'><b>loginScenarios</b><br>Test class: com.fintech.tests.LoginTests<br>Parameters: notexist, any, USER_NOT_EXIST</td>
<td></td>
<td>15</td>
<td>com.fintech.tests.LoginTests@3270d194</td></tr>
<tr>
<td title='com.fintech.tests.AuthTests.loginWithExcelData()'><b>loginWithExcelData</b><br>Test class: com.fintech.tests.AuthTests<br>Parameters: alice, pass123, INVALID</td>
<td></td>
<td>15</td>
<td>com.fintech.tests.AuthTests@397fbdb</td></tr>
<tr>
<td title='com.fintech.tests.AccountTests.testCheckingAccountSummary()'><b>testCheckingAccountSummary</b><br>Test class: com.fintech.tests.AccountTests</td>
<td></td>
<td>7</td>
<td>com.fintech.tests.AccountTests@33d512c1</td></tr>
<tr>
<td title='com.fintech.tests.AuthTests.logoutAfterLogin()'><b>logoutAfterLogin</b><br>Test class: com.fintech.tests.AuthTests<br>Parameters: john, demo</td>
<td></td>
<td>28</td>
<td>com.fintech.tests.AuthTests@397fbdb</td></tr>
<tr>
<td title='com.fintech.tests.NavigationUITests.topNavLinksLoadPages()'><b>topNavLinksLoadPages</b><br>Test class: com.fintech.tests.NavigationUITests<br>Parameters: Transfer Funds, transfer.htm, class com.fintech.pages.TransferPage</td>
<td></td>
<td>7</td>
<td>com.fintech.tests.NavigationUITests@6a6cb05c</td></tr>
<tr>
<td title='com.fintech.tests.NavigationUITests.verifyFontAndAlignment()'><b>verifyFontAndAlignment</b><br>Test class: com.fintech.tests.NavigationUITests</td>
<td></td>
<td>4</td>
<td>com.fintech.tests.NavigationUITests@6a6cb05c</td></tr>
<tr>
<td title='com.fintech.tests.NavigationUITests.topNavLinksLoadPages()'><b>topNavLinksLoadPages</b><br>Test class: com.fintech.tests.NavigationUITests<br>Parameters: Request Loan, requestloan.htm, class com.fintech.pages.LoanPage</td>
<td></td>
<td>7</td>
<td>com.fintech.tests.NavigationUITests@6a6cb05c</td></tr>
<tr>
<td title='com.fintech.tests.AccountTests.testTransactionDetailsFormat()'><b>testTransactionDetailsFormat</b><br>Test class: com.fintech.tests.AccountTests</td>
<td></td>
<td>45</td>
<td>com.fintech.tests.AccountTests@33d512c1</td></tr>
<tr>
<td title='com.fintech.tests.AccountTests.testTransactionSortingByDateAndAmount()'><b>testTransactionSortingByDateAndAmount</b><br>Test class: com.fintech.tests.AccountTests</td>
<td></td>
<td>61</td>
<td>com.fintech.tests.AccountTests@33d512c1</td></tr>
<tr>
<td title='com.fintech.tests.AccountTests.testSavingsAccountSummary()'><b>testSavingsAccountSummary</b><br>Test class: com.fintech.tests.AccountTests</td>
<td></td>
<td>7</td>
<td>com.fintech.tests.AccountTests@33d512c1</td></tr>
<tr>
<td title='com.fintech.tests.LoginTests.loginScenarios()'><b>loginScenarios</b><br>Test class: com.fintech.tests.LoginTests<br>Parameters: john, demo, SUCCESS</td>
<td></td>
<td>12</td>
<td>com.fintech.tests.LoginTests@3270d194</td></tr>
<tr>
<td title='com.fintech.tests.LoginTests.loginScenarios()'><b>loginScenarios</b><br>Test class: com.fintech.tests.LoginTests<br>Parameters: john, wrong, INVALID</td>
<td></td>
<td>16</td>
<td>com.fintech.tests.LoginTests@3270d194</td></tr>
<tr>
<td title='com.fintech.tests.LoginTests.sessionTimeoutSimulation()'><b>sessionTimeoutSimulation</b><br>Test class: com.fintech.tests.LoginTests</td>
<td></td>
<td>15</td>
<td>com.fintech.tests.LoginTests@3270d194</td></tr>
<tr>
<td title='com.fintech.tests.ContactTests.submitContactForm()'><b>submitContactForm</b><br>Test class: com.fintech.tests.ContactTests<br>Parameters: Test User, test@example.com, 9.999999999E9, This is a test message, true</td>
<td></td>
<td>6</td>
<td>com.fintech.tests.ContactTests@702657cc</td></tr>
<tr>
<td title='com.fintech.tests.AuthTests.loginWithExcelData()'><b>loginWithExcelData</b><br>Test class: com.fintech.tests.AuthTests<br>Parameters: john, demo, SUCCESS</td>
<td></td>
<td>16</td>
<td>com.fintech.tests.AuthTests@397fbdb</td></tr>
<tr>
<td title='com.fintech.tests.AuthTests.loginWithExcelData()'><b>loginWithExcelData</b><br>Test class: com.fintech.tests.AuthTests<br>Parameters: notexist, demo, USER_NOT_EXIST</td>
<td></td>
<td>14</td>
<td>com.fintech.tests.AuthTests@397fbdb</td></tr>
<tr>
<td title='com.fintech.tests.LoginTests.rememberMeSimulation()'><b>rememberMeSimulation</b><br>Test class: com.fintech.tests.LoginTests</td>
<td></td>
<td>15</td>
<td>com.fintech.tests.LoginTests@3270d194</td></tr>
<tr>
<td title='com.fintech.tests.NavigationUITests.topNavLinksLoadPages()'><b>topNavLinksLoadPages</b><br>Test class: com.fintech.tests.NavigationUITests<br>Parameters: Accounts Overview, overview.htm, class com.fintech.pages.AccountPage</td>
<td></td>
<td>6</td>
<td>com.fintech.tests.NavigationUITests@6a6cb05c</td></tr>
<tr>
<td title='com.fintech.tests.NavigationUITests.logoRedirectsHome()'><b>logoRedirectsHome</b><br>Test class: com.fintech.tests.NavigationUITests</td>
<td></td>
<td>6</td>
<td>com.fintech.tests.NavigationUITests@6a6cb05c</td></tr>
<tr>
<td title='com.fintech.tests.ContactTests.verifyContactSuccessMessage()'><b>verifyContactSuccessMessage</b><br>Test class: com.fintech.tests.ContactTests</td>
<td></td>
<td>6</td>
<td>com.fintech.tests.ContactTests@702657cc</td></tr>
<tr>
<td title='com.fintech.tests.NavigationUITests.validateButtonsAreClickable()'><b>validateButtonsAreClickable</b><br>Test class: com.fintech.tests.NavigationUITests</td>
<td></td>
<td>4</td>
<td>com.fintech.tests.NavigationUITests@6a6cb05c</td></tr>
<tr>
<td title='com.fintech.tests.NavigationUITests.topNavLinksLoadPages()'><b>topNavLinksLoadPages</b><br>Test class: com.fintech.tests.NavigationUITests<br>Parameters: Contact Us, contact.htm, class com.fintech.pages.ContactPage</td>
<td></td>
<td>7</td>
<td>com.fintech.tests.NavigationUITests@6a6cb05c</td></tr>
<tr>
<td title='com.fintech.tests.AccountTests.testAccountFunctionality()'><b>testAccountFunctionality</b><br>Test class: com.fintech.tests.AccountTests<br>Parameters: Sort transactions by date/amount, 13344, , null, , , Date, Ascending, null, true</td>
<td></td>
<td>42</td>
<td>com.fintech.tests.AccountTests@33d512c1</td></tr>
</table><p>
<table width='100%' border='1' class='invocation-skipped'>
<tr><td colspan='4' align='center'><b>SKIPPED TESTS</b></td></tr>
<tr><td><b>Test method</b></td>
<td><b>Attribute(s)</b></td>
<td width="30%"><b>Exception</b></td>
<td width="10%"><b>Time (seconds)</b></td>
<td><b>Instance</b></td>
</tr>
<tr>
<td title='com.fintech.tests.LoanTests.applyLoan()'><b>applyLoan</b><br>Test class: com.fintech.tests.LoanTests<br>Parameters: Missing Info, null, null, null, false</td>
<td><div><pre>org.testng.SkipException: Session ended
	at com.fintech.tests.LoanTests.applyLoan(LoanTests.java:28)
	at java.base/java.util.ArrayList.forEach(ArrayList.java:1596)
	at java.base/java.util.concurrent.FutureTask.run(FutureTask.java:317)
	at java.base/java.util.concurrent.ThreadPoolExecutor.runWorker(ThreadPoolExecutor.java:1144)
	at java.base/java.util.concurrent.ThreadPoolExecutor$Worker.run(ThreadPoolExecutor.java:642)
	at java.base/java.lang.Thread.run(Thread.java:1583)
... Removed 15 stack frames</pre></div><a href='#' onClick='toggleBox("stack-trace55308729", this, "Click to show all stack frames", "Click to hide stack frames")'>Click to show all stack frames</a>
<div class='stack-trace' id='stack-trace55308729'><pre>org.testng.SkipException: Session ended
	at com.fintech.tests.LoanTests.applyLoan(LoanTests.java:28)
	at java.base/jdk.internal.reflect.DirectMethodHandleAccessor.invoke(DirectMethodHandleAccessor.java:103)
	at java.base/java.lang.reflect.Method.invoke(Method.java:580)
	at org.testng.internal.invokers.MethodInvocationHelper.invokeMethod(MethodInvocationHelper.java:141)
	at org.testng.internal.invokers.TestInvoker.invokeMethod(TestInvoker.java:687)
	at org.testng.internal.invokers.TestInvoker.invokeTestMethod(TestInvoker.java:230)
	at org.testng.internal.invokers.MethodRunner.runInSequence(MethodRunner.java:63)
	at org.testng.internal.invokers.TestInvoker$MethodInvocationAgent.invoke(TestInvoker.java:995)
	at org.testng.internal.invokers.TestInvoker.invokeTestMethods(TestInvoker.java:203)
	at org.testng.internal.invokers.TestMethodWorker.invokeTestMethods(TestMethodWorker.java:154)
	at org.testng.internal.invokers.TestMethodWorker.run(TestMethodWorker.java:134)
	at java.base/java.util.ArrayList.forEach(ArrayList.java:1596)
	at org.testng.TestRunner.privateRun(TestRunner.java:741)
	at org.testng.TestRunner.run(TestRunner.java:616)
	at org.testng.SuiteRunner.runTest(SuiteRunner.java:421)
	at org.testng.SuiteRunner$SuiteWorker.run(SuiteRunner.java:463)
	at org.testng.internal.thread.ThreadUtil.lambda$execute$0(ThreadUtil.java:64)
	at java.base/java.util.concurrent.FutureTask.run(FutureTask.java:317)
	at java.base/java.util.concurrent.ThreadPoolExecutor.runWorker(ThreadPoolExecutor.java:1144)
	at java.base/java.util.concurrent.ThreadPoolExecutor$Worker.run(ThreadPoolExecutor.java:642)
	at java.base/java.lang.Thread.run(Thread.java:1583)
</pre></div></td>
<td>0</td>
<td>com.fintech.tests.LoanTests@43bc63a3</td></tr>
<tr>
<td title='com.fintech.tests.TransferTests.validateFundsTransfer()'><b>validateFundsTransfer</b><br>Test class: com.fintech.tests.TransferTests<br>Parameters: EMPTY_FIELDS, 0.00, false</td>
<td><div><pre>java.lang.NullPointerException: Cannot invoke &quot;org.openqa.selenium.WebDriver.navigate()&quot; because &quot;this.driver&quot; is null
	at com.fintech.tests.BaseTest.loginAsJohn(BaseTest.java:139)
	at com.fintech.tests.TransferTests.setupAccountsOnce(TransferTests.java:26)
	at java.base/java.util.ArrayList.forEach(ArrayList.java:1596)
	at java.base/java.util.concurrent.FutureTask.run(FutureTask.java:317)
	at java.base/java.util.concurrent.ThreadPoolExecutor.runWorker(ThreadPoolExecutor.java:1144)
	at java.base/java.util.concurrent.ThreadPoolExecutor$Worker.run(ThreadPoolExecutor.java:642)
	at java.base/java.lang.Thread.run(Thread.java:1583)
... Removed 13 stack frames</pre></div><a href='#' onClick='toggleBox("stack-trace2076507415", this, "Click to show all stack frames", "Click to hide stack frames")'>Click to show all stack frames</a>
<div class='stack-trace' id='stack-trace2076507415'><pre>java.lang.NullPointerException: Cannot invoke &quot;org.openqa.selenium.WebDriver.navigate()&quot; because &quot;this.driver&quot; is null
	at com.fintech.tests.BaseTest.loginAsJohn(BaseTest.java:139)
	at com.fintech.tests.TransferTests.setupAccountsOnce(TransferTests.java:26)
	at java.base/jdk.internal.reflect.DirectMethodHandleAccessor.invoke(DirectMethodHandleAccessor.java:103)
	at java.base/java.lang.reflect.Method.invoke(Method.java:580)
	at org.testng.internal.invokers.MethodInvocationHelper.invokeMethod(MethodInvocationHelper.java:141)
	at org.testng.internal.invokers.MethodInvocationHelper.invokeMethodConsideringTimeout(MethodInvocationHelper.java:71)
	at org.testng.internal.invokers.ConfigInvoker.invokeConfigurationMethod(ConfigInvoker.java:400)
	at org.testng.internal.invokers.ConfigInvoker.invokeConfigurations(ConfigInvoker.java:333)
	at org.testng.internal.invokers.TestMethodWorker.invokeBeforeClassMethods(TestMethodWorker.java:188)
	at org.testng.internal.invokers.TestMethodWorker.run(TestMethodWorker.java:128)
	at java.base/java.util.ArrayList.forEach(ArrayList.java:1596)
	at org.testng.TestRunner.privateRun(TestRunner.java:741)
	at org.testng.TestRunner.run(TestRunner.java:616)
	at org.testng.SuiteRunner.runTest(SuiteRunner.java:421)
	at org.testng.SuiteRunner$SuiteWorker.run(SuiteRunner.java:463)
	at org.testng.internal.thread.ThreadUtil.lambda$execute$0(ThreadUtil.java:64)
	at java.base/java.util.concurrent.FutureTask.run(FutureTask.java:317)
	at java.base/java.util.concurrent.ThreadPoolExecutor.runWorker(ThreadPoolExecutor.java:1144)
	at java.base/java.util.concurrent.ThreadPoolExecutor$Worker.run(ThreadPoolExecutor.java:642)
	at java.base/java.lang.Thread.run(Thread.java:1583)
</pre></div></td>
<td>0</td>
<td>com.fintech.tests.TransferTests@54d9d12d</td></tr>
<tr>
<td title='com.fintech.tests.TransferTests.validateFundsTransfer()'><b>validateFundsTransfer</b><br>Test class: com.fintech.tests.TransferTests<br>Parameters: VALID_TRANSFER, 1.00, true</td>
<td><div><pre>java.lang.NullPointerException: Cannot invoke &quot;org.openqa.selenium.WebDriver.navigate()&quot; because &quot;this.driver&quot; is null
	at com.fintech.tests.BaseTest.loginAsJohn(BaseTest.java:139)
	at com.fintech.tests.TransferTests.setupAccountsOnce(TransferTests.java:26)
	at java.base/java.util.ArrayList.forEach(ArrayList.java:1596)
	at java.base/java.util.concurrent.FutureTask.run(FutureTask.java:317)
	at java.base/java.util.concurrent.ThreadPoolExecutor.runWorker(ThreadPoolExecutor.java:1144)
	at java.base/java.util.concurrent.ThreadPoolExecutor$Worker.run(ThreadPoolExecutor.java:642)
	at java.base/java.lang.Thread.run(Thread.java:1583)
... Removed 13 stack frames</pre></div><a href='#' onClick='toggleBox("stack-trace155889997", this, "Click to show all stack frames", "Click to hide stack frames")'>Click to show all stack frames</a>
<div class='stack-trace' id='stack-trace155889997'><pre>java.lang.NullPointerException: Cannot invoke &quot;org.openqa.selenium.WebDriver.navigate()&quot; because &quot;this.driver&quot; is null
	at com.fintech.tests.BaseTest.loginAsJohn(BaseTest.java:139)
	at com.fintech.tests.TransferTests.setupAccountsOnce(TransferTests.java:26)
	at java.base/jdk.internal.reflect.DirectMethodHandleAccessor.invoke(DirectMethodHandleAccessor.java:103)
	at java.base/java.lang.reflect.Method.invoke(Method.java:580)
	at org.testng.internal.invokers.MethodInvocationHelper.invokeMethod(MethodInvocationHelper.java:141)
	at org.testng.internal.invokers.MethodInvocationHelper.invokeMethodConsideringTimeout(MethodInvocationHelper.java:71)
	at org.testng.internal.invokers.ConfigInvoker.invokeConfigurationMethod(ConfigInvoker.java:400)
	at org.testng.internal.invokers.ConfigInvoker.invokeConfigurations(ConfigInvoker.java:333)
	at org.testng.internal.invokers.TestMethodWorker.invokeBeforeClassMethods(TestMethodWorker.java:188)
	at org.testng.internal.invokers.TestMethodWorker.run(TestMethodWorker.java:128)
	at java.base/java.util.ArrayList.forEach(ArrayList.java:1596)
	at org.testng.TestRunner.privateRun(TestRunner.java:741)
	at org.testng.TestRunner.run(TestRunner.java:616)
	at org.testng.SuiteRunner.runTest(SuiteRunner.java:421)
	at org.testng.SuiteRunner$SuiteWorker.run(SuiteRunner.java:463)
	at org.testng.internal.thread.ThreadUtil.lambda$execute$0(ThreadUtil.java:64)
	at java.base/java.util.concurrent.FutureTask.run(FutureTask.java:317)
	at java.base/java.util.concurrent.ThreadPoolExecutor.runWorker(ThreadPoolExecutor.java:1144)
	at java.base/java.util.concurrent.ThreadPoolExecutor$Worker.run(ThreadPoolExecutor.java:642)
	at java.base/java.lang.Thread.run(Thread.java:1583)
</pre></div></td>
<td>0</td>
<td>com.fintech.tests.TransferTests@54d9d12d</td></tr>
<tr>
<td title='com.fintech.tests.LoanTests.testLoanTyping()'><b>testLoanTyping</b><br>Test class: com.fintech.tests.LoanTests</td>
<td><div><pre>org.testng.SkipException: Session ended
	at com.fintech.tests.LoanTests.testLoanTyping(LoanTests.java:241)
	at java.base/java.util.ArrayList.forEach(ArrayList.java:1596)
	at java.base/java.util.concurrent.FutureTask.run(FutureTask.java:317)
	at java.base/java.util.concurrent.ThreadPoolExecutor.runWorker(ThreadPoolExecutor.java:1144)
	at java.base/java.util.concurrent.ThreadPoolExecutor$Worker.run(ThreadPoolExecutor.java:642)
	at java.base/java.lang.Thread.run(Thread.java:1583)
... Removed 15 stack frames</pre></div><a href='#' onClick='toggleBox("stack-trace802231366", this, "Click to show all stack frames", "Click to hide stack frames")'>Click to show all stack frames</a>
<div class='stack-trace' id='stack-trace802231366'><pre>org.testng.SkipException: Session ended
	at com.fintech.tests.LoanTests.testLoanTyping(LoanTests.java:241)
	at java.base/jdk.internal.reflect.DirectMethodHandleAccessor.invoke(DirectMethodHandleAccessor.java:103)
	at java.base/java.lang.reflect.Method.invoke(Method.java:580)
	at org.testng.internal.invokers.MethodInvocationHelper.invokeMethod(MethodInvocationHelper.java:141)
	at org.testng.internal.invokers.TestInvoker.invokeMethod(TestInvoker.java:687)
	at org.testng.internal.invokers.TestInvoker.invokeTestMethod(TestInvoker.java:230)
	at org.testng.internal.invokers.MethodRunner.runInSequence(MethodRunner.java:63)
	at org.testng.internal.invokers.TestInvoker$MethodInvocationAgent.invoke(TestInvoker.java:995)
	at org.testng.internal.invokers.TestInvoker.invokeTestMethods(TestInvoker.java:203)
	at org.testng.internal.invokers.TestMethodWorker.invokeTestMethods(TestMethodWorker.java:154)
	at org.testng.internal.invokers.TestMethodWorker.run(TestMethodWorker.java:134)
	at java.base/java.util.ArrayList.forEach(ArrayList.java:1596)
	at org.testng.TestRunner.privateRun(TestRunner.java:741)
	at org.testng.TestRunner.run(TestRunner.java:616)
	at org.testng.SuiteRunner.runTest(SuiteRunner.java:421)
	at org.testng.SuiteRunner$SuiteWorker.run(SuiteRunner.java:463)
	at org.testng.internal.thread.ThreadUtil.lambda$execute$0(ThreadUtil.java:64)
	at java.base/java.util.concurrent.FutureTask.run(FutureTask.java:317)
	at java.base/java.util.concurrent.ThreadPoolExecutor.runWorker(ThreadPoolExecutor.java:1144)
	at java.base/java.util.concurrent.ThreadPoolExecutor$Worker.run(ThreadPoolExecutor.java:642)
	at java.base/java.lang.Thread.run(Thread.java:1583)
</pre></div></td>
<td>0</td>
<td>com.fintech.tests.LoanTests@43bc63a3</td></tr>
<tr>
<td title='com.fintech.tests.TransferTests.validateFundsTransfer()'><b>validateFundsTransfer</b><br>Test class: com.fintech.tests.TransferTests<br>Parameters: SAME_ACCOUNT, 100, false</td>
<td><div><pre>java.lang.NullPointerException: Cannot invoke &quot;org.openqa.selenium.WebDriver.navigate()&quot; because &quot;this.driver&quot; is null
	at com.fintech.tests.BaseTest.loginAsJohn(BaseTest.java:139)
	at com.fintech.tests.TransferTests.setupAccountsOnce(TransferTests.java:26)
	at java.base/java.util.ArrayList.forEach(ArrayList.java:1596)
	at java.base/java.util.concurrent.FutureTask.run(FutureTask.java:317)
	at java.base/java.util.concurrent.ThreadPoolExecutor.runWorker(ThreadPoolExecutor.java:1144)
	at java.base/java.util.concurrent.ThreadPoolExecutor$Worker.run(ThreadPoolExecutor.java:642)
	at java.base/java.lang.Thread.run(Thread.java:1583)
... Removed 13 stack frames</pre></div><a href='#' onClick='toggleBox("stack-trace1689955984", this, "Click to show all stack frames", "Click to hide stack frames")'>Click to show all stack frames</a>
<div class='stack-trace' id='stack-trace1689955984'><pre>java.lang.NullPointerException: Cannot invoke &quot;org.openqa.selenium.WebDriver.navigate()&quot; because &quot;this.driver&quot; is null
	at com.fintech.tests.BaseTest.loginAsJohn(BaseTest.java:139)
	at com.fintech.tests.TransferTests.setupAccountsOnce(TransferTests.java:26)
	at java.base/jdk.internal.reflect.DirectMethodHandleAccessor.invoke(DirectMethodHandleAccessor.java:103)
	at java.base/java.lang.reflect.Method.invoke(Method.java:580)
	at org.testng.internal.invokers.MethodInvocationHelper.invokeMethod(MethodInvocationHelper.java:141)
	at org.testng.internal.invokers.MethodInvocationHelper.invokeMethodConsideringTimeout(MethodInvocationHelper.java:71)
	at org.testng.internal.invokers.ConfigInvoker.invokeConfigurationMethod(ConfigInvoker.java:400)
	at org.testng.internal.invokers.ConfigInvoker.invokeConfigurations(ConfigInvoker.java:333)
	at org.testng.internal.invokers.TestMethodWorker.invokeBeforeClassMethods(TestMethodWorker.java:188)
	at org.testng.internal.invokers.TestMethodWorker.run(TestMethodWorker.java:128)
	at java.base/java.util.ArrayList.forEach(ArrayList.java:1596)
	at org.testng.TestRunner.privateRun(TestRunner.java:741)
	at org.testng.TestRunner.run(TestRunner.java:616)
	at org.testng.SuiteRunner.runTest(SuiteRunner.java:421)
	at org.testng.SuiteRunner$SuiteWorker.run(SuiteRunner.java:463)
	at org.testng.internal.thread.ThreadUtil.lambda$execute$0(ThreadUtil.java:64)
	at java.base/java.util.concurrent.FutureTask.run(FutureTask.java:317)
	at java.base/java.util.concurrent.ThreadPoolExecutor.runWorker(ThreadPoolExecutor.java:1144)
	at java.base/java.util.concurrent.ThreadPoolExecutor$Worker.run(ThreadPoolExecutor.java:642)
	at java.base/java.lang.Thread.run(Thread.java:1583)
</pre></div></td>
<td>0</td>
<td>com.fintech.tests.TransferTests@54d9d12d</td></tr>
<tr>
<td title='com.fintech.tests.TransferTests.validateSimpleTransferSuccess()'><b>validateSimpleTransferSuccess</b><br>Test class: com.fintech.tests.TransferTests</td>
<td><div><pre>java.lang.NullPointerException: Cannot invoke &quot;org.openqa.selenium.WebDriver.navigate()&quot; because &quot;this.driver&quot; is null
	at com.fintech.tests.BaseTest.loginAsJohn(BaseTest.java:139)
	at com.fintech.tests.TransferTests.setupAccountsOnce(TransferTests.java:26)
	at java.base/java.util.ArrayList.forEach(ArrayList.java:1596)
	at java.base/java.util.concurrent.FutureTask.run(FutureTask.java:317)
	at java.base/java.util.concurrent.ThreadPoolExecutor.runWorker(ThreadPoolExecutor.java:1144)
	at java.base/java.util.concurrent.ThreadPoolExecutor$Worker.run(ThreadPoolExecutor.java:642)
	at java.base/java.lang.Thread.run(Thread.java:1583)
... Removed 13 stack frames</pre></div><a href='#' onClick='toggleBox("stack-trace2046966463", this, "Click to show all stack frames", "Click to hide stack frames")'>Click to show all stack frames</a>
<div class='stack-trace' id='stack-trace2046966463'><pre>java.lang.NullPointerException: Cannot invoke &quot;org.openqa.selenium.WebDriver.navigate()&quot; because &quot;this.driver&quot; is null
	at com.fintech.tests.BaseTest.loginAsJohn(BaseTest.java:139)
	at com.fintech.tests.TransferTests.setupAccountsOnce(TransferTests.java:26)
	at java.base/jdk.internal.reflect.DirectMethodHandleAccessor.invoke(DirectMethodHandleAccessor.java:103)
	at java.base/java.lang.reflect.Method.invoke(Method.java:580)
	at org.testng.internal.invokers.MethodInvocationHelper.invokeMethod(MethodInvocationHelper.java:141)
	at org.testng.internal.invokers.MethodInvocationHelper.invokeMethodConsideringTimeout(MethodInvocationHelper.java:71)
	at org.testng.internal.invokers.ConfigInvoker.invokeConfigurationMethod(ConfigInvoker.java:400)
	at org.testng.internal.invokers.ConfigInvoker.invokeConfigurations(ConfigInvoker.java:333)
	at org.testng.internal.invokers.TestMethodWorker.invokeBeforeClassMethods(TestMethodWorker.java:188)
	at org.testng.internal.invokers.TestMethodWorker.run(TestMethodWorker.java:128)
	at java.base/java.util.ArrayList.forEach(ArrayList.java:1596)
	at org.testng.TestRunner.privateRun(TestRunner.java:741)
	at org.testng.TestRunner.run(TestRunner.java:616)
	at org.testng.SuiteRunner.runTest(SuiteRunner.java:421)
	at org.testng.SuiteRunner$SuiteWorker.run(SuiteRunner.java:463)
	at org.testng.internal.thread.ThreadUtil.lambda$execute$0(ThreadUtil.java:64)
	at java.base/java.util.concurrent.FutureTask.run(FutureTask.java:317)
	at java.base/java.util.concurrent.ThreadPoolExecutor.runWorker(ThreadPoolExecutor.java:1144)
	at java.base/java.util.concurrent.ThreadPoolExecutor$Worker.run(ThreadPoolExecutor.java:642)
	at java.base/java.lang.Thread.run(Thread.java:1583)
</pre></div></td>
<td>0</td>
<td>com.fintech.tests.TransferTests@54d9d12d</td></tr>
<tr>
<td title='com.fintech.tests.LoanTests.submitValidLoanRequest()'><b>submitValidLoanRequest</b><br>Test class: com.fintech.tests.LoanTests</td>
<td><div><pre>org.testng.SkipException: Session ended
	at com.fintech.tests.LoanTests.submitValidLoanRequest(LoanTests.java:176)
	at java.base/java.util.ArrayList.forEach(ArrayList.java:1596)
	at java.base/java.util.concurrent.FutureTask.run(FutureTask.java:317)
	at java.base/java.util.concurrent.ThreadPoolExecutor.runWorker(ThreadPoolExecutor.java:1144)
	at java.base/java.util.concurrent.ThreadPoolExecutor$Worker.run(ThreadPoolExecutor.java:642)
	at java.base/java.lang.Thread.run(Thread.java:1583)
... Removed 15 stack frames</pre></div><a href='#' onClick='toggleBox("stack-trace2122589561", this, "Click to show all stack frames", "Click to hide stack frames")'>Click to show all stack frames</a>
<div class='stack-trace' id='stack-trace2122589561'><pre>org.testng.SkipException: Session ended
	at com.fintech.tests.LoanTests.submitValidLoanRequest(LoanTests.java:176)
	at java.base/jdk.internal.reflect.DirectMethodHandleAccessor.invoke(DirectMethodHandleAccessor.java:103)
	at java.base/java.lang.reflect.Method.invoke(Method.java:580)
	at org.testng.internal.invokers.MethodInvocationHelper.invokeMethod(MethodInvocationHelper.java:141)
	at org.testng.internal.invokers.TestInvoker.invokeMethod(TestInvoker.java:687)
	at org.testng.internal.invokers.TestInvoker.invokeTestMethod(TestInvoker.java:230)
	at org.testng.internal.invokers.MethodRunner.runInSequence(MethodRunner.java:63)
	at org.testng.internal.invokers.TestInvoker$MethodInvocationAgent.invoke(TestInvoker.java:995)
	at org.testng.internal.invokers.TestInvoker.invokeTestMethods(TestInvoker.java:203)
	at org.testng.internal.invokers.TestMethodWorker.invokeTestMethods(TestMethodWorker.java:154)
	at org.testng.internal.invokers.TestMethodWorker.run(TestMethodWorker.java:134)
	at java.base/java.util.ArrayList.forEach(ArrayList.java:1596)
	at org.testng.TestRunner.privateRun(TestRunner.java:741)
	at org.testng.TestRunner.run(TestRunner.java:616)
	at org.testng.SuiteRunner.runTest(SuiteRunner.java:421)
	at org.testng.SuiteRunner$SuiteWorker.run(SuiteRunner.java:463)
	at org.testng.internal.thread.ThreadUtil.lambda$execute$0(ThreadUtil.java:64)
	at java.base/java.util.concurrent.FutureTask.run(FutureTask.java:317)
	at java.base/java.util.concurrent.ThreadPoolExecutor.runWorker(ThreadPoolExecutor.java:1144)
	at java.base/java.util.concurrent.ThreadPoolExecutor$Worker.run(ThreadPoolExecutor.java:642)
	at java.base/java.lang.Thread.run(Thread.java:1583)
</pre></div></td>
<td>0</td>
<td>com.fintech.tests.LoanTests@43bc63a3</td></tr>
</table><p>
</body>
</html>