<?xml version="1.0" encoding="UTF-8"?>
<!-- Generated by org.testng.reporters.JUnitReportReporter -->
<testsuite hostname="DESKTOP-QRQ79PJ" failures="2" tests="18" name="com.fintech.tests.NavigationUITests" time="761.783" errors="0" timestamp="2025-10-28T01:37:56 IST" skipped="0">
  <testcase classname="com.fintech.tests.NavigationUITests" name="checkParaBankConnectivity" time="40.298"/>
  <testcase classname="com.fintech.tests.NavigationUITests" name="checkParaBankConnectivity" time="25.111"/>
  <testcase classname="com.fintech.tests.NavigationUITests" name="topNavLinksLoadPages" time="35.961"/>
  <testcase classname="com.fintech.tests.NavigationUITests" name="logoRedirectsHome" time="37.914"/>
  <testcase classname="com.fintech.tests.NavigationUITests" name="topNavLinksLoadPages" time="46.174"/>
  <testcase classname="com.fintech.tests.NavigationUITests" name="validateAlertBoxContent" time="44.214"/>
  <testcase classname="com.fintech.tests.NavigationUITests" name="validateButtonsAreClickable" time="21.099"/>
  <testcase classname="com.fintech.tests.NavigationUITests" name="verifyFontAndAlignment" time="40.345"/>
  <testcase classname="com.fintech.tests.NavigationUITests" name="topNavLinksLoadPages" time="17.821">
    <failure message="❌ Network issue while navigating to login page" type="java.lang.AssertionError">
      <![CDATA[java.lang.AssertionError: ❌ Network issue while navigating to login page
at org.testng.Assert.fail(Assert.java:111)
at com.fintech.tests.BaseTest.loginAsJohn(BaseTest.java:144)
at com.fintech.tests.NavigationUITests.topNavLinksLoadPages(NavigationUITests.java:29)
at java.base/jdk.internal.reflect.DirectMethodHandleAccessor.invoke(DirectMethodHandleAccessor.java:103)
at java.base/java.lang.reflect.Method.invoke(Method.java:580)
at org.testng.internal.invokers.MethodInvocationHelper.invokeMethod(MethodInvocationHelper.java:141)
at org.testng.internal.invokers.TestInvoker.invokeMethod(TestInvoker.java:687)
at org.testng.internal.invokers.TestInvoker.invokeTestMethod(TestInvoker.java:230)
at org.testng.internal.invokers.MethodRunner.runInSequence(MethodRunner.java:63)
at org.testng.internal.invokers.TestInvoker$MethodInvocationAgent.invoke(TestInvoker.java:995)
at org.testng.internal.invokers.TestInvoker.invokeTestMethods(TestInvoker.java:203)
at org.testng.internal.invokers.TestMethodWorker.invokeTestMethods(TestMethodWorker.java:154)
at org.testng.internal.invokers.TestMethodWorker.run(TestMethodWorker.java:134)
at java.base/java.util.ArrayList.forEach(ArrayList.java:1596)
at org.testng.TestRunner.privateRun(TestRunner.java:741)
at org.testng.TestRunner.run(TestRunner.java:616)
at org.testng.SuiteRunner.runTest(SuiteRunner.java:421)
at org.testng.SuiteRunner$SuiteWorker.run(SuiteRunner.java:463)
at org.testng.internal.thread.ThreadUtil.lambda$execute$0(ThreadUtil.java:64)
at java.base/java.util.concurrent.FutureTask.run(FutureTask.java:317)
at java.base/java.util.concurrent.ThreadPoolExecutor.runWorker(ThreadPoolExecutor.java:1144)
at java.base/java.util.concurrent.ThreadPoolExecutor$Worker.run(ThreadPoolExecutor.java:642)
at java.base/java.lang.Thread.run(Thread.java:1583)
]]>
    </failure>
  </testcase> <!-- topNavLinksLoadPages -->
  <testcase classname="com.fintech.tests.NavigationUITests" name="topNavLinksLoadPages" time="53.858"/>
  <testcase classname="com.fintech.tests.NavigationUITests" name="topNavLinksLoadPages" time="25.664"/>
  <testcase classname="com.fintech.tests.NavigationUITests" name="verifyFontAndAlignment" time="86.708"/>
  <testcase classname="com.fintech.tests.NavigationUITests" name="validateAlertBoxContent" time="58.563"/>
  <testcase classname="com.fintech.tests.NavigationUITests" name="topNavLinksLoadPages" time="60.097"/>
  <testcase classname="com.fintech.tests.NavigationUITests" name="validateButtonsAreClickable" time="60.334"/>
  <testcase classname="com.fintech.tests.NavigationUITests" name="topNavLinksLoadPages" time="24.084">
    <failure message="❌ Network issue while navigating to login page" type="java.lang.AssertionError">
      <![CDATA[java.lang.AssertionError: ❌ Network issue while navigating to login page
at org.testng.Assert.fail(Assert.java:111)
at com.fintech.tests.BaseTest.loginAsJohn(BaseTest.java:144)
at com.fintech.tests.NavigationUITests.topNavLinksLoadPages(NavigationUITests.java:29)
at java.base/jdk.internal.reflect.DirectMethodHandleAccessor.invoke(DirectMethodHandleAccessor.java:103)
at java.base/java.lang.reflect.Method.invoke(Method.java:580)
at org.testng.internal.invokers.MethodInvocationHelper.invokeMethod(MethodInvocationHelper.java:141)
at org.testng.internal.invokers.TestInvoker.invokeMethod(TestInvoker.java:687)
at org.testng.internal.invokers.TestInvoker.invokeTestMethod(TestInvoker.java:230)
at org.testng.internal.invokers.MethodRunner.runInSequence(MethodRunner.java:63)
at org.testng.internal.invokers.TestInvoker$MethodInvocationAgent.invoke(TestInvoker.java:995)
at org.testng.internal.invokers.TestInvoker.invokeTestMethods(TestInvoker.java:203)
at org.testng.internal.invokers.TestMethodWorker.invokeTestMethods(TestMethodWorker.java:154)
at org.testng.internal.invokers.TestMethodWorker.run(TestMethodWorker.java:134)
at java.base/java.util.ArrayList.forEach(ArrayList.java:1596)
at org.testng.TestRunner.privateRun(TestRunner.java:741)
at org.testng.TestRunner.run(TestRunner.java:616)
at org.testng.SuiteRunner.runTest(SuiteRunner.java:421)
at org.testng.SuiteRunner$SuiteWorker.run(SuiteRunner.java:463)
at org.testng.internal.thread.ThreadUtil.lambda$execute$0(ThreadUtil.java:64)
at java.base/java.util.concurrent.FutureTask.run(FutureTask.java:317)
at java.base/java.util.concurrent.ThreadPoolExecutor.runWorker(ThreadPoolExecutor.java:1144)
at java.base/java.util.concurrent.ThreadPoolExecutor$Worker.run(ThreadPoolExecutor.java:642)
at java.base/java.lang.Thread.run(Thread.java:1583)
]]>
    </failure>
  </testcase> <!-- topNavLinksLoadPages -->
  <testcase classname="com.fintech.tests.NavigationUITests" name="topNavLinksLoadPages" time="37.977"/>
  <testcase classname="com.fintech.tests.NavigationUITests" name="logoRedirectsHome" time="45.561"/>
</testsuite> <!-- com.fintech.tests.NavigationUITests -->
